Job running on nodes: wx-ms-w7900d-0033
Current working directory: /mnt/ASC1505/NCKU

------------------------------------------------------------------------------------------

     Numerical Relativity AMSS-NCKU  

     Author of AMSS-NCKU Code: Zhou-Jian Cao et al. 
     Author of AMSS-NCKU Python Interface: Xiao Qu 

     AMSS-NCKU is an open source numerical relativity code 
     It can be used to simulate the dynamical evolution on mergering process of black hole systems, 
 calculating the variation of gravitational field, black holes' trajectories, and gravitational wave 
 emissions through directly solving the Einstein field equations  

     This AMSS-NCKU code uses the finite-difference method to evaluate the numerical simulation. The 
 finite-difference schemes can be chosen as: 2nd order, 4th order, 6th order, 8th order. 
     The computation equation form in AMSS-NCKU code can be chosen as: BSSN equations, Z4C equations, 
 BSSN equations coupled with scalars (in f(R) theory), BSSN equations coupled with electromagnetic 
 fields. 
     The numerical grid system in this code includes: patch AMR grid, shell-patch AMR grid. 

     Furthermore, This code has fulfilled the CPU and GPU hybrid calculation. 

------------------------------------------------------------------------------------------

 Output dictionary has been existed !!!  
 If you want to overwrite the existing file directory, please input 'continue' in the terminal !! 
 If you want to retain the existing file directory, please input 'stop' in the terminal to stop the 
 simulation. Then you can reset the output dictionary in the input script file AMSS_NCKU_Input.py !!! 

 Continue the calculation !!! 

 Output directory has been generated 

------------------------------------------------------------------------------------------

 Printing the basic parameter and setting in the AMSS-NCKU simulation 

 The number of MPI processes in the AMSS-NCKU simulation =  8

 The form of computational equation  =  BSSN
 The initial data in this simulation =  Ansorg-TwoPuncture

 Starting evolution time   =  0.0
 Final evolution time      =  5.0
 Maximal iteration number  =  10000000
 Courant factor            =  0.5
 Strength of dissipation   =  0.15
 Symmetry of system        =  equatorial-symmetry
 The Runge-Kutta scheme in the time evolution   =  runge-kutta-45
 The finite-difference scheme in the simulation =  4th-order

 The static AMR grid type =  Linear
 The moving AMR grid type =  Linear

 The number of static AMR grid levels =  5
 The number of moving AMR grid levels =  4
 The number of total  AMR grid levels =  9

 The grid number of each static AMR grid level =  96
 The grid number of each moving AMR grid level =  48

 The scale for largest  static AMR grid in X direction =  [-320.  320.]
 The scale for largest  static AMR grid in Y direction =  [-320.  320.]
 The scale for largest  static AMR grid in Z direction =  [-320.  320.]
 The scale for smallest static AMR grid in X direction =  [-20.  20.]
 The scale for smallest static AMR grid in Y direction =  [-20.  20.]
 The scale for smallest static AMR grid in Z direction =  [-20.  20.]

 The scale for largest  moving AMR grid =  [-5.  5.]
 The scale for smallest moving AMR grid =  [-0.625  0.625]

 The coarest resolution for static AMR grid =  6.666666666666667
 The finest  resolution for static AMR grid =  0.4166666666666667
 The coarest resolution for moving AMR grid =  0.20833333333333334
 The finest  resolution for moving AMR grid =  0.026041666666666668

 The time refinement starts from AMR grid level =  4
 The time interval in each step for coarest AMR grid during time evaluation =  0.4166666666666667

 This simulation only uses the Patch AMR grid structure, the Shell-Patch is not used 

------------------------------------------------------------------------------------------

------------------------------------------------------------------------------------------

 Printing the puncture information 

 The information for 1 puncture 
 Mass(1) =   0.553846,  Charge(1) =   0.000000,  a(1)  =   0.310000
 X(1)    =   0.000000,  Y(1)      =   4.461538,  Z(1)  =   0.000000
 Px(1)   =  -0.095302,  Py(1)     =  -0.000845,  Pz(1) =   0.000000
 Jx(1)   =   0.000000,  Jy(1)     =   0.000000,  Jz(1) =   0.095091

 The information for 2 puncture 
 Mass(2) =   0.446154,  Charge(2) =   0.000000,  a(2)  =  -0.460000
 X(2)    =   0.000000,  Y(2)      =  -5.538462,  Z(2)  =   0.000000
 Px(2)   =   0.095302,  Py(2)     =   0.000845,  Pz(2) =   0.000000
 Jx(2)   =   0.000000,  Jy(2)     =   0.000000,  Jz(2) =  -0.091564

------------------------------------------------------------------------------------------

 Generating the AMSS-NCKU input parfile for the ABE executable. 


 Setting Puncture's position and momentum 


 Wirte Down The Grid Information 

 Number of Total Grid Level =  9
 Number of Static Grid Level =  5
 Number of Moving Grid Level =  4


 Setting the demanded numerical grid 

 adjusting the static gird points, making the original point (0,0,0) to the static gird points 


 adjusting the moving gird points, ensuring the alliance of moving grids points and static grids points 

 adjust_puncture[5,0,0] = 0.0 
 adjust_puncture[5,0,1] = 4.375000000000002 
 adjust_puncture[5,0,2] = 0.0 
 adjust_puncture[5,1,0] = 0.0 
 adjust_puncture[5,1,1] = -5.624999999999999 
 adjust_puncture[5,1,2] = 0.0 
 adjust_puncture[6,0,0] = 0.0 
 adjust_puncture[6,0,1] = 4.479166666666669 
 adjust_puncture[6,0,2] = 0.0 
 adjust_puncture[6,1,0] = 0.0 
 adjust_puncture[6,1,1] = -5.520833333333333 
 adjust_puncture[6,1,2] = 0.0 
 adjust_puncture[7,0,0] = 0.0 
 adjust_puncture[7,0,1] = 4.479166666666669 
 adjust_puncture[7,0,2] = 0.0 
 adjust_puncture[7,1,0] = 0.0 
 adjust_puncture[7,1,1] = -5.520833333333332 
 adjust_puncture[7,1,2] = 0.0 
 adjust_puncture[8,0,0] = 0.0 
 adjust_puncture[8,0,1] = 4.453125000000002 
 adjust_puncture[8,0,2] = 0.0 
 adjust_puncture[8,1,0] = 0.0 
 adjust_puncture[8,1,1] = -5.546874999999998 
 adjust_puncture[8,1,2] = 0.0 

 The moving grid puncture position adjustment is done 


 The input parfile for AMSS-NCKU C++ executable file ABE has been generated. 
 However, the input relevant to TwoPuncture need to be appended later. 


 Schematically plot the numerical grid structure. 


 Automatically generating the macro file for AMSS-NCKU C++ executable file ABE 
 (Based on the finite-difference numerical scheme) 

 AMSS-NCKU macro file macrodef.h has been generated. 
 AMSS-NCKU macro file macrodef.fh has been generated. 

 Preparing to compile and run the AMSS-NCKU code as requested 
 Compiling the AMSS-NCKU code based on the generated macro files 


 Compiling the AMSS-NCKU executable file ABE/ABEGPU 

mpicxx -O3 -Wno-deprecated -Dfortran3 -Dnewc -std=c++14 -c ABE.C -I/usr/include/ -I/usr/lib/x86_64-linux-gnu/openmpi/include/ -I/usr/lib/x86_64-linux-gnu/openmpi/lib/ -I/usr/lib/gcc/x86_64-linux-gnu/11/ -I/usr/include/c++/11/ -o ABE.o
mpicxx -O3 -Wno-deprecated -Dfortran3 -Dnewc -std=c++14 -c Ansorg.C -I/usr/include/ -I/usr/lib/x86_64-linux-gnu/openmpi/include/ -I/usr/lib/x86_64-linux-gnu/openmpi/lib/ -I/usr/lib/gcc/x86_64-linux-gnu/11/ -I/usr/include/c++/11/ -o Ansorg.o
mpicxx -O3 -Wno-deprecated -Dfortran3 -Dnewc -std=c++14 -c Block.C -I/usr/include/ -I/usr/lib/x86_64-linux-gnu/openmpi/include/ -I/usr/lib/x86_64-linux-gnu/openmpi/lib/ -I/usr/lib/gcc/x86_64-linux-gnu/11/ -I/usr/include/c++/11/ -o Block.o
mpif90 -c zbesh.for -o zbesh.o
mpicxx -O3 -Wno-deprecated -Dfortran3 -Dnewc -std=c++14 -c monitor.C -I/usr/include/ -I/usr/lib/x86_64-linux-gnu/openmpi/include/ -I/usr/lib/x86_64-linux-gnu/openmpi/lib/ -I/usr/lib/gcc/x86_64-linux-gnu/11/ -I/usr/include/c++/11/ -o monitor.o
ABE.C: In function ‘int main(int, char**)’:
ABE.C:219:25: warning: ignoring return value of ‘int system(const char*)’ declared with attribute ‘warn_unused_result’ [-Wunused-result]
  219 |                   system(cmd);
      |                   ~~~~~~^~~~~
mpicxx -O3 -Wno-deprecated -Dfortran3 -Dnewc -std=c++14 -c Parallel.C -I/usr/include/ -I/usr/lib/x86_64-linux-gnu/openmpi/include/ -I/usr/lib/x86_64-linux-gnu/openmpi/lib/ -I/usr/lib/gcc/x86_64-linux-gnu/11/ -I/usr/include/c++/11/ -o Parallel.o
mpicxx -O3 -Wno-deprecated -Dfortran3 -Dnewc -std=c++14 -c MPatch.C -I/usr/include/ -I/usr/lib/x86_64-linux-gnu/openmpi/include/ -I/usr/lib/x86_64-linux-gnu/openmpi/lib/ -I/usr/lib/gcc/x86_64-linux-gnu/11/ -I/usr/include/c++/11/ -o MPatch.o
mpicxx -O3 -Wno-deprecated -Dfortran3 -Dnewc -std=c++14 -c var.C -I/usr/include/ -I/usr/lib/x86_64-linux-gnu/openmpi/include/ -I/usr/lib/x86_64-linux-gnu/openmpi/lib/ -I/usr/lib/gcc/x86_64-linux-gnu/11/ -I/usr/include/c++/11/ -o var.o
mpicxx -O3 -Wno-deprecated -Dfortran3 -Dnewc -std=c++14 -c cgh.C -I/usr/include/ -I/usr/lib/x86_64-linux-gnu/openmpi/include/ -I/usr/lib/x86_64-linux-gnu/openmpi/lib/ -I/usr/lib/gcc/x86_64-linux-gnu/11/ -I/usr/include/c++/11/ -o cgh.o
var.C: In constructor ‘var::var(const char*, int, double, double, double)’:
var.C:25:10: warning: format not a string literal and no format arguments [-Wformat-security]
   25 |   sprintf(name, namei);
      |   ~~~~~~~^~~~~~~~~~~~~
mpicxx -O3 -Wno-deprecated -Dfortran3 -Dnewc -std=c++14 -c bssn_class.C -I/usr/include/ -I/usr/lib/x86_64-linux-gnu/openmpi/include/ -I/usr/lib/x86_64-linux-gnu/openmpi/lib/ -I/usr/lib/gcc/x86_64-linux-gnu/11/ -I/usr/include/c++/11/ -o bssn_class.o
mpicxx -O3 -Wno-deprecated -Dfortran3 -Dnewc -std=c++14 -c surface_integral.C -I/usr/include/ -I/usr/lib/x86_64-linux-gnu/openmpi/include/ -I/usr/lib/x86_64-linux-gnu/openmpi/lib/ -I/usr/lib/gcc/x86_64-linux-gnu/11/ -I/usr/include/c++/11/ -o surface_integral.o
bssn_class.C: In member function ‘virtual void bssn_class::Read_Ansorg()’:
bssn_class.C:1865:24: warning: ISO C++ forbids converting a string constant to ‘char*’ [-Wwrite-strings]
 1865 |     Ansorg read_ansorg("Ansorg.psid", order);
      |                        ^~~~~~~~~~~~~
mpicxx -O3 -Wno-deprecated -Dfortran3 -Dnewc -std=c++14 -c ShellPatch.C -I/usr/include/ -I/usr/lib/x86_64-linux-gnu/openmpi/include/ -I/usr/lib/x86_64-linux-gnu/openmpi/lib/ -I/usr/lib/gcc/x86_64-linux-gnu/11/ -I/usr/include/c++/11/ -o ShellPatch.o
mpicxx -O3 -Wno-deprecated -Dfortran3 -Dnewc -std=c++14 -c bssnEScalar_class.C -I/usr/include/ -I/usr/lib/x86_64-linux-gnu/openmpi/include/ -I/usr/lib/x86_64-linux-gnu/openmpi/lib/ -I/usr/lib/gcc/x86_64-linux-gnu/11/ -I/usr/include/c++/11/ -o bssnEScalar_class.o
bssnEScalar_class.C: In member function ‘virtual void bssnEScalar_class::Read_Ansorg()’:
bssnEScalar_class.C:335:24: warning: ISO C++ forbids converting a string constant to ‘char*’ [-Wwrite-strings]
  335 |     Ansorg read_ansorg("Ansorg.psid", order);
      |                        ^~~~~~~~~~~~~
mpicxx -O3 -Wno-deprecated -Dfortran3 -Dnewc -std=c++14 -c perf.C -I/usr/include/ -I/usr/lib/x86_64-linux-gnu/openmpi/include/ -I/usr/lib/x86_64-linux-gnu/openmpi/lib/ -I/usr/lib/gcc/x86_64-linux-gnu/11/ -I/usr/include/c++/11/ -o perf.o
mpicxx -O3 -Wno-deprecated -Dfortran3 -Dnewc -std=c++14 -c Z4c_class.C -I/usr/include/ -I/usr/lib/x86_64-linux-gnu/openmpi/include/ -I/usr/lib/x86_64-linux-gnu/openmpi/lib/ -I/usr/lib/gcc/x86_64-linux-gnu/11/ -I/usr/include/c++/11/ -o Z4c_class.o
mpicxx -O3 -Wno-deprecated -Dfortran3 -Dnewc -std=c++14 -c NullShellPatch.C -I/usr/include/ -I/usr/lib/x86_64-linux-gnu/openmpi/include/ -I/usr/lib/x86_64-linux-gnu/openmpi/lib/ -I/usr/lib/gcc/x86_64-linux-gnu/11/ -I/usr/include/c++/11/ -o NullShellPatch.o
mpicxx -O3 -Wno-deprecated -Dfortran3 -Dnewc -std=c++14 -c bssnEM_class.C -I/usr/include/ -I/usr/lib/x86_64-linux-gnu/openmpi/include/ -I/usr/lib/x86_64-linux-gnu/openmpi/lib/ -I/usr/lib/gcc/x86_64-linux-gnu/11/ -I/usr/include/c++/11/ -o bssnEM_class.o
Z4c_class.C: In member function ‘void Z4c_class::Check_extrop()’:
Z4c_class.C:2396:28: warning: ISO C++ forbids converting a string constant to ‘char*’ [-Wwrite-strings]
 2396 |   SH->Dump_Data(StateList, "extrop", 0, 1);
      |                            ^~~~~~~~
mpicxx -O3 -Wno-deprecated -Dfortran3 -Dnewc -std=c++14 -c cpbc_util.C -I/usr/include/ -I/usr/lib/x86_64-linux-gnu/openmpi/include/ -I/usr/lib/x86_64-linux-gnu/openmpi/lib/ -I/usr/lib/gcc/x86_64-linux-gnu/11/ -I/usr/include/c++/11/ -o cpbc_util.o
bssnEM_class.C: In member function ‘virtual void bssnEM_class::Read_Ansorg()’:
bssnEM_class.C:486:24: warning: ISO C++ forbids converting a string constant to ‘char*’ [-Wwrite-strings]
  486 |     Ansorg read_ansorg("Ansorg.psid", order);
      |                        ^~~~~~~~~~~~~
mpicxx -O3 -Wno-deprecated -Dfortran3 -Dnewc -std=c++14 -c z4c_rhs_point.C -I/usr/include/ -I/usr/lib/x86_64-linux-gnu/openmpi/include/ -I/usr/lib/x86_64-linux-gnu/openmpi/lib/ -I/usr/lib/gcc/x86_64-linux-gnu/11/ -I/usr/include/c++/11/ -o z4c_rhs_point.o
mpicxx -O3 -Wno-deprecated -Dfortran3 -Dnewc -std=c++14 -c checkpoint.C -I/usr/include/ -I/usr/lib/x86_64-linux-gnu/openmpi/include/ -I/usr/lib/x86_64-linux-gnu/openmpi/lib/ -I/usr/lib/gcc/x86_64-linux-gnu/11/ -I/usr/include/c++/11/ -o checkpoint.o
mpicxx -O3 -Wno-deprecated -Dfortran3 -Dnewc -std=c++14 -c Parallel_bam.C -I/usr/include/ -I/usr/lib/x86_64-linux-gnu/openmpi/include/ -I/usr/lib/x86_64-linux-gnu/openmpi/lib/ -I/usr/lib/gcc/x86_64-linux-gnu/11/ -I/usr/include/c++/11/ -o Parallel_bam.o
mpicxx -O3 -Wno-deprecated -Dfortran3 -Dnewc -std=c++14 -c scalar_class.C -I/usr/include/ -I/usr/lib/x86_64-linux-gnu/openmpi/include/ -I/usr/lib/x86_64-linux-gnu/openmpi/lib/ -I/usr/lib/gcc/x86_64-linux-gnu/11/ -I/usr/include/c++/11/ -o scalar_class.o
mpicxx -O3 -Wno-deprecated -Dfortran3 -Dnewc -std=c++14 -c transpbh.C -I/usr/include/ -I/usr/lib/x86_64-linux-gnu/openmpi/include/ -I/usr/lib/x86_64-linux-gnu/openmpi/lib/ -I/usr/lib/gcc/x86_64-linux-gnu/11/ -I/usr/include/c++/11/ -o transpbh.o
mpicxx -O3 -Wno-deprecated -Dfortran3 -Dnewc -std=c++14 -c NullShellPatch2.C -I/usr/include/ -I/usr/lib/x86_64-linux-gnu/openmpi/include/ -I/usr/lib/x86_64-linux-gnu/openmpi/lib/ -I/usr/lib/gcc/x86_64-linux-gnu/11/ -I/usr/include/c++/11/ -o NullShellPatch2.o
mpicxx -O3 -Wno-deprecated -Dfortran3 -Dnewc -std=c++14 -c NullShellPatch2_Evo.C -I/usr/include/ -I/usr/lib/x86_64-linux-gnu/openmpi/include/ -I/usr/lib/x86_64-linux-gnu/openmpi/lib/ -I/usr/lib/gcc/x86_64-linux-gnu/11/ -I/usr/include/c++/11/ -o NullShellPatch2_Evo.o
mpicxx -O3 -Wno-deprecated -Dfortran3 -Dnewc -std=c++14 -c writefile_f.C -I/usr/include/ -I/usr/lib/x86_64-linux-gnu/openmpi/include/ -I/usr/lib/x86_64-linux-gnu/openmpi/lib/ -I/usr/lib/gcc/x86_64-linux-gnu/11/ -I/usr/include/c++/11/ -o writefile_f.o
mpif90 -O3 -x f95-cpp-input -c enforce_algebra.f90 -o enforce_algebra.o
mpif90 -O3 -x f95-cpp-input -c fmisc.f90 -o fmisc.o
mpif90 -O3 -x f95-cpp-input -c initial_puncture.f90 -o initial_puncture.o
mpif90 -O3 -x f95-cpp-input -c prolongrestrict.f90 -o prolongrestrict.o
mpif90 -O3 -x f95-cpp-input -c prolongrestrict_cell.f90 -o prolongrestrict_cell.o
mpif90 -O3 -x f95-cpp-input -c prolongrestrict_vertex.f90 -o prolongrestrict_vertex.o
mpif90 -O3 -x f95-cpp-input -c rungekutta4_rout.f90 -o rungekutta4_rout.o
mpif90 -O3 -x f95-cpp-input -c bssn_rhs.f90 -o bssn_rhs.o
mpif90 -O3 -x f95-cpp-input -c diff_new.f90 -o diff_new.o
mpif90 -O3 -x f95-cpp-input -c kodiss.f90 -o kodiss.o
mpif90 -O3 -x f95-cpp-input -c kodiss_sh.f90 -o kodiss_sh.o
mpif90 -O3 -x f95-cpp-input -c lopsidediff.f90 -o lopsidediff.o
mpif90 -O3 -x f95-cpp-input -c sommerfeld_rout.f90 -o sommerfeld_rout.o
mpif90 -O3 -x f95-cpp-input -c getnp4.f90 -o getnp4.o
mpif90 -O3 -x f95-cpp-input -c diff_new_sh.f90 -o diff_new_sh.o
mpif90 -O3 -x f95-cpp-input -c shellfunctions.f90 -o shellfunctions.o
mpif90 -O3 -x f95-cpp-input -c bssn_rhs_ss.f90 -o bssn_rhs_ss.o
mpif90 -O3 -x f95-cpp-input -c Set_Rho_ADM.f90 -o Set_Rho_ADM.o
mpif90 -O3 -x f95-cpp-input -c getnp4EScalar.f90 -o getnp4EScalar.o
mpif90 -O3 -x f95-cpp-input -c bssnEScalar_rhs.f90 -o bssnEScalar_rhs.o
mpif90 -O3 -x f95-cpp-input -c bssn_constraint.f90 -o bssn_constraint.o
mpif90 -O3 -x f95-cpp-input -c ricci_gamma.f90 -o ricci_gamma.o
mpif90 -O3 -x f95-cpp-input -c fadmquantites_bssn.f90 -o fadmquantites_bssn.o
mpif90 -O3 -x f95-cpp-input -c Z4c_rhs.f90 -o Z4c_rhs.o
mpif90 -O3 -x f95-cpp-input -c Z4c_rhs_ss.f90 -o Z4c_rhs_ss.o
mpif90 -O3 -x f95-cpp-input -c point_diff_new_sh.f90 -o point_diff_new_sh.o
mpif90 -O3 -x f95-cpp-input -c cpbc.f90 -o cpbc.o
mpif90 -O3 -x f95-cpp-input -c getnp4old.f90 -o getnp4old.o
mpif90 -O3 -x f95-cpp-input -c NullEvol.f90 -o NullEvol.o
mpif90 -O3 -x f95-cpp-input -c initial_null.f90 -o initial_null.o
mpif90 -O3 -x f95-cpp-input -c initial_maxwell.f90 -o initial_maxwell.o
mpif90 -O3 -x f95-cpp-input -c getnpem2.f90 -o getnpem2.o
mpif90 -O3 -x f95-cpp-input -c empart.f90 -o empart.o
mpif90 -O3 -x f95-cpp-input -c NullNews.f90 -o NullNews.o
mpif90 -O3 -x f95-cpp-input -c fourdcurvature.f90 -o fourdcurvature.o
mpif90 -O3 -x f95-cpp-input -c bssn2adm.f90 -o bssn2adm.o
mpif90 -O3 -x f95-cpp-input -c adm_constraint.f90 -o adm_constraint.o
mpif90 -O3 -x f95-cpp-input -c adm_ricci_gamma.f90 -o adm_ricci_gamma.o
mpif90 -O3 -x f95-cpp-input -c scalar_rhs.f90 -o scalar_rhs.o
mpif90 -O3 -x f95-cpp-input -c initial_scalar.f90 -o initial_scalar.o
mpif90 -O3 -x f95-cpp-input -c NullEvol2.f90 -o NullEvol2.o
mpif90 -O3 -x f95-cpp-input -c initial_null2.f90 -o initial_null2.o
mpif90 -O3 -x f95-cpp-input -c NullNews2.f90 -o NullNews2.o
mpif90 -O3 -x f95-cpp-input -c tool_f.f90 -o tool_f.o
mpicxx -O3 -Wno-deprecated -Dfortran3 -Dnewc -std=c++14 -c expansion.C -I/usr/include/ -I/usr/lib/x86_64-linux-gnu/openmpi/include/ -I/usr/lib/x86_64-linux-gnu/openmpi/lib/ -I/usr/lib/gcc/x86_64-linux-gnu/11/ -I/usr/include/c++/11/ -o expansion.o
mpicxx -O3 -Wno-deprecated -Dfortran3 -Dnewc -std=c++14 -c expansion_Jacobian.C -I/usr/include/ -I/usr/lib/x86_64-linux-gnu/openmpi/include/ -I/usr/lib/x86_64-linux-gnu/openmpi/lib/ -I/usr/lib/gcc/x86_64-linux-gnu/11/ -I/usr/include/c++/11/ -o expansion_Jacobian.o
mpicxx -O3 -Wno-deprecated -Dfortran3 -Dnewc -std=c++14 -c patch.C -I/usr/include/ -I/usr/lib/x86_64-linux-gnu/openmpi/include/ -I/usr/lib/x86_64-linux-gnu/openmpi/lib/ -I/usr/lib/gcc/x86_64-linux-gnu/11/ -I/usr/include/c++/11/ -o patch.o
mpicxx -O3 -Wno-deprecated -Dfortran3 -Dnewc -std=c++14 -c coords.C -I/usr/include/ -I/usr/lib/x86_64-linux-gnu/openmpi/include/ -I/usr/lib/x86_64-linux-gnu/openmpi/lib/ -I/usr/lib/gcc/x86_64-linux-gnu/11/ -I/usr/include/c++/11/ -o coords.o
patch.C: In static member function ‘static AHFinderDirect::patch::integration_method AHFinderDirect::patch::decode_integration_method(const char*)’:
patch.C:212:35: warning: control reaches end of non-void function [-Wreturn-type]
  212 |                         error_exit(ERROR_EXIT,
      |                         ~~~~~~~~~~^~~~~~~~~~~~
  213 |                                            "***** patch::decode_integration_method():\n"
      |                                            ~~~~~~~~~~~~~~~~~~~~~~~~~~~~~~~~~~~~~~~~~~~~~
  214 |                                            "        unknown method_string=\"%s\"!\n",
      |                                            ~~~~~~~~~~~~~~~~~~~~~~~~~~~~~~~~~~~~~~~~~~
  215 |                                            method_string); /*NOTREACHED*/
      |                                            ~~~~~~~~~~~~~~
patch.C: In member function ‘virtual fp AHFinderDirect::z_patch::plane_arc_length(const char*, int, int, int, int, int, int, int, AHFinderDirect::patch::integration_method) const’:
patch.C:399:35: warning: control reaches end of non-void function [-Wreturn-type]
  399 |                         error_exit(ERROR_EXIT,
      |                         ~~~~~~~~~~^~~~~~~~~~~~
  400 |                                            "***** z_patch::plane_arc_length(): %s patch, plane=\"%s\", but\n"
      |                                            ~~~~~~~~~~~~~~~~~~~~~~~~~~~~~~~~~~~~~~~~~~~~~~~~~~~~~~~~~~~~~~~~~~
  401 |                                            "                                   this patch doesn't contain that plane!\n",
      |                                            ~~~~~~~~~~~~~~~~~~~~~~~~~~~~~~~~~~~~~~~~~~~~~~~~~~~~~~~~~~~~~~~~~~~~~~~~~~~~~~
  402 |                                            name(), plane); /*NOTREACHED*/
      |                                            ~~~~~~~~~~~~~~
patch.C: In member function ‘virtual fp AHFinderDirect::x_patch::plane_arc_length(const char*, int, int, int, int, int, int, int, AHFinderDirect::patch::integration_method) const’:
patch.C:440:35: warning: control reaches end of non-void function [-Wreturn-type]
  440 |                         error_exit(ERROR_EXIT,
      |                         ~~~~~~~~~~^~~~~~~~~~~~
  441 |                                            "***** x_patch::plane_arc_length(): %s patch, plane=\"%s\", but\n"
      |                                            ~~~~~~~~~~~~~~~~~~~~~~~~~~~~~~~~~~~~~~~~~~~~~~~~~~~~~~~~~~~~~~~~~~
  442 |                                            "                                   this patch doesn't contain that plane!\n",
      |                                            ~~~~~~~~~~~~~~~~~~~~~~~~~~~~~~~~~~~~~~~~~~~~~~~~~~~~~~~~~~~~~~~~~~~~~~~~~~~~~~
  443 |                                            name(), plane); /*NOTREACHED*/
      |                                            ~~~~~~~~~~~~~~
patch.C: In member function ‘virtual fp AHFinderDirect::y_patch::plane_arc_length(const char*, int, int, int, int, int, int, int, AHFinderDirect::patch::integration_method) const’:
patch.C:481:35: warning: control reaches end of non-void function [-Wreturn-type]
  481 |                         error_exit(ERROR_EXIT,
      |                         ~~~~~~~~~~^~~~~~~~~~~~
  482 |                                            "***** y_patch::plane_arc_length(): %s patch, plane=\"%s\", but\n"
      |                                            ~~~~~~~~~~~~~~~~~~~~~~~~~~~~~~~~~~~~~~~~~~~~~~~~~~~~~~~~~~~~~~~~~~
  483 |                                            "                                   this patch doesn't contain that plane!\n",
      |                                            ~~~~~~~~~~~~~~~~~~~~~~~~~~~~~~~~~~~~~~~~~~~~~~~~~~~~~~~~~~~~~~~~~~~~~~~~~~~~~~
  484 |                                            name(), plane); /*NOTREACHED*/
      |                                            ~~~~~~~~~~~~~~
patch.C: In static member function ‘static fp AHFinderDirect::patch::integration_coeff(integration_method, int, int)’:
patch.C:640:35: warning: control reaches end of non-void function [-Wreturn-type]
  640 |                         error_exit(ERROR_EXIT,
      |                         ~~~~~~~~~~^~~~~~~~~~~~
  641 |                                            "***** patch::integration_coeff(): unknown method=(int)%d!\n"
      |                                            ~~~~~~~~~~~~~~~~~~~~~~~~~~~~~~~~~~~~~~~~~~~~~~~~~~~~~~~~~~~~~
  642 |                                            "                                  (this should never happen!)\n",
      |                                            ~~~~~~~~~~~~~~~~~~~~~~~~~~~~~~~~~~~~~~~~~~~~~~~~~~~~~~~~~~~~~~~~~~
  643 |                                            int(method)); /*NOTREACHED*/
      |                                            ~~~~~~~~~~~~
patch.C: In member function ‘AHFinderDirect::ghost_zone& AHFinderDirect::patch::ghost_zone_containing_noncorner_point(int, int) const’:
patch.C:744:27: warning: control reaches end of non-void function [-Wreturn-type]
  744 |                 error_exit(ERROR_EXIT,
      |                 ~~~~~~~~~~^~~~~~~~~~~~
  745 |                                    "***** patch::ghost_zone_containing_noncorner_point():\n"
      |                                    ~~~~~~~~~~~~~~~~~~~~~~~~~~~~~~~~~~~~~~~~~~~~~~~~~~~~~~~~~
  746 |                                    "        no ghost zone contains point (this should never happen)!\n"
      |                                    ~~~~~~~~~~~~~~~~~~~~~~~~~~~~~~~~~~~~~~~~~~~~~~~~~~~~~~~~~~~~~~~~~~~~
  747 |                                    "        patch=%s irho=%d isigma=%d\n",
      |                                    ~~~~~~~~~~~~~~~~~~~~~~~~~~~~~~~~~~~~~~~
  748 |                                    name(), irho, isigma); /*NOTREACHED*/
      |                                    ~~~~~~~~~~~~~~~~~~~~~
mpicxx -O3 -Wno-deprecated -Dfortran3 -Dnewc -std=c++14 -c patch_info.C -I/usr/include/ -I/usr/lib/x86_64-linux-gnu/openmpi/include/ -I/usr/lib/x86_64-linux-gnu/openmpi/lib/ -I/usr/lib/gcc/x86_64-linux-gnu/11/ -I/usr/include/c++/11/ -o patch_info.o
mpicxx -O3 -Wno-deprecated -Dfortran3 -Dnewc -std=c++14 -c patch_interp.C -I/usr/include/ -I/usr/lib/x86_64-linux-gnu/openmpi/include/ -I/usr/lib/x86_64-linux-gnu/openmpi/lib/ -I/usr/lib/gcc/x86_64-linux-gnu/11/ -I/usr/include/c++/11/ -o patch_interp.o
mpicxx -O3 -Wno-deprecated -Dfortran3 -Dnewc -std=c++14 -c patch_system.C -I/usr/include/ -I/usr/lib/x86_64-linux-gnu/openmpi/include/ -I/usr/lib/x86_64-linux-gnu/openmpi/lib/ -I/usr/lib/gcc/x86_64-linux-gnu/11/ -I/usr/include/c++/11/ -o patch_system.o
mpicxx -O3 -Wno-deprecated -Dfortran3 -Dnewc -std=c++14 -c tgrid.C -I/usr/include/ -I/usr/lib/x86_64-linux-gnu/openmpi/include/ -I/usr/lib/x86_64-linux-gnu/openmpi/lib/ -I/usr/lib/gcc/x86_64-linux-gnu/11/ -I/usr/include/c++/11/ -o tgrid.o
patch_system.C: In static member function ‘static int AHFinderDirect::patch_system::N_patches_of_type(patch_system_type)’:
patch_system.C:1175:35: warning: control reaches end of non-void function [-Wreturn-type]
 1175 |                         error_exit(PANIC_EXIT,
      |                         ~~~~~~~~~~^~~~~~~~~~~~
 1176 |                                            "***** patch_system::N_patches_of_type(): bad type=(int)%d!\n"
      |                                            ~~~~~~~~~~~~~~~~~~~~~~~~~~~~~~~~~~~~~~~~~~~~~~~~~~~~~~~~~~~~~~
 1177 |                                            "                                         (this should never happen!)\n",
      |                                            ~~~~~~~~~~~~~~~~~~~~~~~~~~~~~~~~~~~~~~~~~~~~~~~~~~~~~~~~~~~~~~~~~~~~~~~~~
 1178 |                                            int(type_in)); /*NOTREACHED*/
      |                                            ~~~~~~~~~~~~~
patch_system.C: In static member function ‘static const char* AHFinderDirect::patch_system::name_of_type(patch_system_type)’:
patch_system.C:1210:35: warning: control reaches end of non-void function [-Wreturn-type]
 1210 |                         error_exit(PANIC_EXIT,
      |                         ~~~~~~~~~~^~~~~~~~~~~~
 1211 |                                            "***** patch_system::name_of_type(): bad type=(int)%d!\n"
      |                                            ~~~~~~~~~~~~~~~~~~~~~~~~~~~~~~~~~~~~~~~~~~~~~~~~~~~~~~~~~
 1212 |                                            "                                    (this should never happen!)\n",
      |                                            ~~~~~~~~~~~~~~~~~~~~~~~~~~~~~~~~~~~~~~~~~~~~~~~~~~~~~~~~~~~~~~~~~~~~
 1213 |                                            int(type_in)); /*NOTREACHED*/
      |                                            ~~~~~~~~~~~~~
patch_system.C: In static member function ‘static AHFinderDirect::patch_system::patch_system_type AHFinderDirect::patch_system::type_of_name(const char*)’:
patch_system.C:1244:35: warning: control reaches end of non-void function [-Wreturn-type]
 1244 |                         error_exit(PANIC_EXIT,
      |                         ~~~~~~~~~~^~~~~~~~~~~~
 1245 |                                            "***** patch_system::type_of_name(): unknown name=\"%s\"!",
      |                                            ~~~~~~~~~~~~~~~~~~~~~~~~~~~~~~~~~~~~~~~~~~~~~~~~~~~~~~~~~~~
 1246 |                                            name_in); /*NOTREACHED*/
      |                                            ~~~~~~~~
patch_system.C: In member function ‘const AHFinderDirect::patch& AHFinderDirect::patch_system::plus_or_minus_xyz_patch(bool, char) const’:
patch_system.C:1271:27: warning: control reaches end of non-void function [-Wreturn-type]
 1271 |                 error_exit(ERROR_EXIT,
      |                 ~~~~~~~~~~^~~~~~~~~~~~
 1272 |                                    "***** patch_system::plus_or_minus_xyz_patch():\n"
      |                                    ~~~~~~~~~~~~~~~~~~~~~~~~~~~~~~~~~~~~~~~~~~~~~~~~~~
 1273 |                                    "        can't find any %c%c patch!",
      |                                    ~~~~~~~~~~~~~~~~~~~~~~~~~~~~~~~~~~~~~
 1274 |                                    (is_plus ? '+' : '-'), ctype); /*NOTREACHED*/
      |                                    ~~~~~~~~~~~~~~~~~~~~~~~~~~~~~
patch_system.C: In member function ‘int AHFinderDirect::patch_system::patch_number_of_name(const char*) const’:
patch_system.C:1292:27: warning: control reaches end of non-void function [-Wreturn-type]
 1292 |                 error_exit(ERROR_EXIT,
      |                 ~~~~~~~~~~^~~~~~~~~~~~
 1293 |                                    "***** patch_system::patch_number_of_name():\n"
      |                                    ~~~~~~~~~~~~~~~~~~~~~~~~~~~~~~~~~~~~~~~~~~~~~~~
 1294 |                                    "        no patch with name \"%s\"!\n",
      |                                    ~~~~~~~~~~~~~~~~~~~~~~~~~~~~~~~~~~~~~~~
 1295 |                                    name); /*NOTREACHED*/
      |                                    ~~~~~
patch_system.C: In member function ‘const AHFinderDirect::patch& AHFinderDirect::patch_system::patch_irho_isigma_of_gpn(int, int&, int&) const’:
patch_system.C:1337:27: warning: control reaches end of non-void function [-Wreturn-type]
 1337 |                 error_exit(PANIC_EXIT,
      |                 ~~~~~~~~~~^~~~~~~~~~~~
 1338 |                                    "***** patch_system::patch_irho_isigma_of_gpn(gpn=%d):\n"
      |                                    ~~~~~~~~~~~~~~~~~~~~~~~~~~~~~~~~~~~~~~~~~~~~~~~~~~~~~~~~~
 1339 |                                    "        couldn't find any patch! (this should never happen!)\n"
      |                                    ~~~~~~~~~~~~~~~~~~~~~~~~~~~~~~~~~~~~~~~~~~~~~~~~~~~~~~~~~~~~~~~~
 1340 |                                    "        N_grid_points()=%d\n",
      |                                    ~~~~~~~~~~~~~~~~~~~~~~~~~~~~~~~
 1341 |                                    gpn,
      |                                    ~~~~
 1342 |                                    N_grid_points()); /*NOTREACHED*/
      |                                    ~~~~~~~~~~~~~~~~
patch_system.C: In member function ‘const AHFinderDirect::patch& AHFinderDirect::patch_system::ghosted_patch_irho_isigma_of_gpn(int, int&, int&) const’:
patch_system.C:1383:27: warning: control reaches end of non-void function [-Wreturn-type]
 1383 |                 error_exit(PANIC_EXIT,
      |                 ~~~~~~~~~~^~~~~~~~~~~~
 1384 |                                    "***** patch_system::ghosted_patch_irho_isigma_of_gpn(gpn=%d):\n"
      |                                    ~~~~~~~~~~~~~~~~~~~~~~~~~~~~~~~~~~~~~~~~~~~~~~~~~~~~~~~~~~~~~~~~~
 1385 |                                    "        couldn't find any patch! (this should never happen!)\n"
      |                                    ~~~~~~~~~~~~~~~~~~~~~~~~~~~~~~~~~~~~~~~~~~~~~~~~~~~~~~~~~~~~~~~~
 1386 |                                    "        ghosted_N_grid_points()=%d\n",
      |                                    ~~~~~~~~~~~~~~~~~~~~~~~~~~~~~~~~~~~~~~~
 1387 |                                    gpn,
      |                                    ~~~~
 1388 |                                    ghosted_N_grid_points()); /*NOTREACHED*/
      |                                    ~~~~~~~~~~~~~~~~~~~~~~~~
patch_system.C: In member function ‘const AHFinderDirect::patch* AHFinderDirect::patch_system::patch_containing_local_xyz(fp, fp, fp) const’:
patch_system.C:1737:35: warning: control reaches end of non-void function [-Wreturn-type]
 1737 |                         error_exit(ERROR_EXIT,
      |                         ~~~~~~~~~~^~~~~~~~~~~~
 1738 |                                            "***** patch_system::patch_containing_local_xyz():\n"
      |                                            ~~~~~~~~~~~~~~~~~~~~~~~~~~~~~~~~~~~~~~~~~~~~~~~~~~~~~
 1739 |                                            "        unknown (wierd!) ordering of |x|, |y|, and |z|!\n"
      |                                            ~~~~~~~~~~~~~~~~~~~~~~~~~~~~~~~~~~~~~~~~~~~~~~~~~~~~~~~~~~~
 1740 |                                            "        (this should never happen!)\n"
      |                                            ~~~~~~~~~~~~~~~~~~~~~~~~~~~~~~~~~~~~~~~
 1741 |                                            "        [local] (x,y,z)=(%g,%g,%g)\n",
      |                                            ~~~~~~~~~~~~~~~~~~~~~~~~~~~~~~~~~~~~~~~
 1742 |                                            double(x), double(y), double(z)); /*NOTREACHED*/
      |                                            ~~~~~~~~~~~~~~~~~~~~~~~~~~~~~~~~
patch_system.C: In member function ‘const AHFinderDirect::patch_edge& AHFinderDirect::patch_system::synchronize_Jacobian(const AHFinderDirect::ghost_zone&, int, int, int&, int&, int&, int&, AHFinderDirect::jtutil::array1d<double>&) const’:
patch_system.C:2373:35: warning: control reaches end of non-void function [-Wreturn-type]
 2373 |                         error_exit(PANIC_EXIT,
      |                         ~~~~~~~~~~^~~~~~~~~~~~
 2374 |                                            "***** patch_system::synchronize_Jacobian():\n"
      |                                            ~~~~~~~~~~~~~~~~~~~~~~~~~~~~~~~~~~~~~~~~~~~~~~~
 2375 |                                            "        don't know what to do with ghost zone (this should never happen)!\n"
      |                                            ~~~~~~~~~~~~~~~~~~~~~~~~~~~~~~~~~~~~~~~~~~~~~~~~~~~~~~~~~~~~~~~~~~~~~~~~~~~~~
 2376 |                                            "        xgz.my_patch()=\"%s\"    xe=xgz.my_edge()=\"%s\"\n"
      |                                            ~~~~~~~~~~~~~~~~~~~~~~~~~~~~~~~~~~~~~~~~~~~~~~~~~~~~~~~~~~~~
 2377 |                                            "        xgz.other_patch()=\"%s\"    xgz.other_edge()=\"%s\"\n"
      |                                            ~~~~~~~~~~~~~~~~~~~~~~~~~~~~~~~~~~~~~~~~~~~~~~~~~~~~~~~~~~~~~~~
 2378 |                                            "        xgz.is_symmetry()=(int)%d xgz.is_interpatch()=(int)%d\n"
      |                                            ~~~~~~~~~~~~~~~~~~~~~~~~~~~~~~~~~~~~~~~~~~~~~~~~~~~~~~~~~~~~~~~~~
 2379 |                                            "        x_iperp=%d x_ipar=%d\n"
      |                                            ~~~~~~~~~~~~~~~~~~~~~~~~~~~~~~~~
 2380 |                                            "        xe.ipar_is_in_{min,max}_ipar_corner(x_ipar)=(int){%d,%d}\n"
      |                                            ~~~~~~~~~~~~~~~~~~~~~~~~~~~~~~~~~~~~~~~~~~~~~~~~~~~~~~~~~~~~~~~~~~~~
 2381 |                                            "        xe.ipar_is_in_{corner,noncorner}(x_ipar)=(int){%d,%d}\n",
      |                                            ~~~~~~~~~~~~~~~~~~~~~~~~~~~~~~~~~~~~~~~~~~~~~~~~~~~~~~~~~~~~~~~~~~
 2382 |                                            xgz.my_patch().name(), xe.name(),
      |                                            ~~~~~~~~~~~~~~~~~~~~~~~~~~~~~~~~~
 2383 |                                            xgz.other_patch().name(), xgz.other_edge().name(),
      |                                            ~~~~~~~~~~~~~~~~~~~~~~~~~~~~~~~~~~~~~~~~~~~~~~~~~~
 2384 |                                            int(xgz.is_symmetry()), int(xgz.is_interpatch()),
      |                                            ~~~~~~~~~~~~~~~~~~~~~~~~~~~~~~~~~~~~~~~~~~~~~~~~~
 2385 |                                            x_iperp, x_ipar,
      |                                            ~~~~~~~~~~~~~~~~
 2386 |                                            xe.ipar_is_in_min_ipar_corner(x_ipar),
      |                                            ~~~~~~~~~~~~~~~~~~~~~~~~~~~~~~~~~~~~~~
 2387 |                                            xe.ipar_is_in_max_ipar_corner(x_ipar),
      |                                            ~~~~~~~~~~~~~~~~~~~~~~~~~~~~~~~~~~~~~~
 2388 |                                            xe.ipar_is_in_corner(x_ipar),
      |                                            ~~~~~~~~~~~~~~~~~~~~~~~~~~~~~
 2389 |                                            xe.ipar_is_in_noncorner(x_ipar)); /*NOTREACHED*/
      |                                            ~~~~~~~~~~~~~~~~~~~~~~~~~~~~~~~~
mpicxx -O3 -Wno-deprecated -Dfortran3 -Dnewc -std=c++14 -c fd_grid.C -I/usr/include/ -I/usr/lib/x86_64-linux-gnu/openmpi/include/ -I/usr/lib/x86_64-linux-gnu/openmpi/lib/ -I/usr/lib/gcc/x86_64-linux-gnu/11/ -I/usr/include/c++/11/ -o fd_grid.o
mpicxx -O3 -Wno-deprecated -Dfortran3 -Dnewc -std=c++14 -c ghost_zone.C -I/usr/include/ -I/usr/lib/x86_64-linux-gnu/openmpi/include/ -I/usr/lib/x86_64-linux-gnu/openmpi/lib/ -I/usr/lib/gcc/x86_64-linux-gnu/11/ -I/usr/include/c++/11/ -o ghost_zone.o
mpicxx -O3 -Wno-deprecated -Dfortran3 -Dnewc -std=c++14 -c array.C -I/usr/include/ -I/usr/lib/x86_64-linux-gnu/openmpi/include/ -I/usr/lib/x86_64-linux-gnu/openmpi/lib/ -I/usr/lib/gcc/x86_64-linux-gnu/11/ -I/usr/include/c++/11/ -o array.o
mpicxx -O3 -Wno-deprecated -Dfortran3 -Dnewc -std=c++14 -c round.C -I/usr/include/ -I/usr/lib/x86_64-linux-gnu/openmpi/include/ -I/usr/lib/x86_64-linux-gnu/openmpi/lib/ -I/usr/lib/gcc/x86_64-linux-gnu/11/ -I/usr/include/c++/11/ -o round.o
mpicxx -O3 -Wno-deprecated -Dfortran3 -Dnewc -std=c++14 -c norm.C -I/usr/include/ -I/usr/lib/x86_64-linux-gnu/openmpi/include/ -I/usr/lib/x86_64-linux-gnu/openmpi/lib/ -I/usr/lib/gcc/x86_64-linux-gnu/11/ -I/usr/include/c++/11/ -o norm.o
mpicxx -O3 -Wno-deprecated -Dfortran3 -Dnewc -std=c++14 -c fuzzy.C -I/usr/include/ -I/usr/lib/x86_64-linux-gnu/openmpi/include/ -I/usr/lib/x86_64-linux-gnu/openmpi/lib/ -I/usr/lib/gcc/x86_64-linux-gnu/11/ -I/usr/include/c++/11/ -o fuzzy.o
mpicxx -O3 -Wno-deprecated -Dfortran3 -Dnewc -std=c++14 -c error_exit.C -I/usr/include/ -I/usr/lib/x86_64-linux-gnu/openmpi/include/ -I/usr/lib/x86_64-linux-gnu/openmpi/lib/ -I/usr/lib/gcc/x86_64-linux-gnu/11/ -I/usr/include/c++/11/ -o error_exit.o
mpicxx -O3 -Wno-deprecated -Dfortran3 -Dnewc -std=c++14 -c miscfp.C -I/usr/include/ -I/usr/lib/x86_64-linux-gnu/openmpi/include/ -I/usr/lib/x86_64-linux-gnu/openmpi/lib/ -I/usr/lib/gcc/x86_64-linux-gnu/11/ -I/usr/include/c++/11/ -o miscfp.o
mpicxx -O3 -Wno-deprecated -Dfortran3 -Dnewc -std=c++14 -c linear_map.C -I/usr/include/ -I/usr/lib/x86_64-linux-gnu/openmpi/include/ -I/usr/lib/x86_64-linux-gnu/openmpi/lib/ -I/usr/lib/gcc/x86_64-linux-gnu/11/ -I/usr/include/c++/11/ -o linear_map.o
mpicxx -O3 -Wno-deprecated -Dfortran3 -Dnewc -std=c++14 -c cpm_map.C -I/usr/include/ -I/usr/lib/x86_64-linux-gnu/openmpi/include/ -I/usr/lib/x86_64-linux-gnu/openmpi/lib/ -I/usr/lib/gcc/x86_64-linux-gnu/11/ -I/usr/include/c++/11/ -o cpm_map.o
mpicxx -O3 -Wno-deprecated -Dfortran3 -Dnewc -std=c++14 -c BH_diagnostics.C -I/usr/include/ -I/usr/lib/x86_64-linux-gnu/openmpi/include/ -I/usr/lib/x86_64-linux-gnu/openmpi/lib/ -I/usr/lib/gcc/x86_64-linux-gnu/11/ -I/usr/include/c++/11/ -o BH_diagnostics.o
mpicxx -O3 -Wno-deprecated -Dfortran3 -Dnewc -std=c++14 -c setup.C -I/usr/include/ -I/usr/lib/x86_64-linux-gnu/openmpi/include/ -I/usr/lib/x86_64-linux-gnu/openmpi/lib/ -I/usr/lib/gcc/x86_64-linux-gnu/11/ -I/usr/include/c++/11/ -o setup.o
mpicxx -O3 -Wno-deprecated -Dfortran3 -Dnewc -std=c++14 -c horizon_sequence.C -I/usr/include/ -I/usr/lib/x86_64-linux-gnu/openmpi/include/ -I/usr/lib/x86_64-linux-gnu/openmpi/lib/ -I/usr/lib/gcc/x86_64-linux-gnu/11/ -I/usr/include/c++/11/ -o horizon_sequence.o
mpicxx -O3 -Wno-deprecated -Dfortran3 -Dnewc -std=c++14 -c find_horizons.C -I/usr/include/ -I/usr/lib/x86_64-linux-gnu/openmpi/include/ -I/usr/lib/x86_64-linux-gnu/openmpi/lib/ -I/usr/lib/gcc/x86_64-linux-gnu/11/ -I/usr/include/c++/11/ -o find_horizons.o
mpicxx -O3 -Wno-deprecated -Dfortran3 -Dnewc -std=c++14 -c initial_guess.C -I/usr/include/ -I/usr/lib/x86_64-linux-gnu/openmpi/include/ -I/usr/lib/x86_64-linux-gnu/openmpi/lib/ -I/usr/lib/gcc/x86_64-linux-gnu/11/ -I/usr/include/c++/11/ -o initial_guess.o
mpicxx -O3 -Wno-deprecated -Dfortran3 -Dnewc -std=c++14 -c Newton.C -I/usr/include/ -I/usr/lib/x86_64-linux-gnu/openmpi/include/ -I/usr/lib/x86_64-linux-gnu/openmpi/lib/ -I/usr/lib/gcc/x86_64-linux-gnu/11/ -I/usr/include/c++/11/ -o Newton.o
mpicxx -O3 -Wno-deprecated -Dfortran3 -Dnewc -std=c++14 -c Jacobian.C -I/usr/include/ -I/usr/lib/x86_64-linux-gnu/openmpi/include/ -I/usr/lib/x86_64-linux-gnu/openmpi/lib/ -I/usr/lib/gcc/x86_64-linux-gnu/11/ -I/usr/include/c++/11/ -o Jacobian.o
mpif90 -O3 -x f95-cpp-input -c ilucg.f90 -o ilucg.o
mpicxx -O3 -Wno-deprecated -Dfortran3 -Dnewc -std=c++14 -c IntPnts0.C -I/usr/include/ -I/usr/lib/x86_64-linux-gnu/openmpi/include/ -I/usr/lib/x86_64-linux-gnu/openmpi/lib/ -I/usr/lib/gcc/x86_64-linux-gnu/11/ -I/usr/include/c++/11/ -o IntPnts0.o
mpicxx -O3 -Wno-deprecated -Dfortran3 -Dnewc -std=c++14 -c IntPnts.C -I/usr/include/ -I/usr/lib/x86_64-linux-gnu/openmpi/include/ -I/usr/lib/x86_64-linux-gnu/openmpi/lib/ -I/usr/lib/gcc/x86_64-linux-gnu/11/ -I/usr/include/c++/11/ -o IntPnts.o
mpicxx -O3 -Wno-deprecated -Dfortran3 -Dnewc -std=c++14 -c misc.C -I/usr/include/ -I/usr/lib/x86_64-linux-gnu/openmpi/include/ -I/usr/lib/x86_64-linux-gnu/openmpi/lib/ -I/usr/lib/gcc/x86_64-linux-gnu/11/ -I/usr/include/c++/11/ -o misc.o
mpicxx -O3 -Wno-deprecated -Dfortran3 -Dnewc -std=c++14 -o ABE ABE.o Ansorg.o Block.o misc.o monitor.o Parallel.o MPatch.o var.o cgh.o bssn_class.o surface_integral.o ShellPatch.o bssnEScalar_class.o perf.o Z4c_class.o NullShellPatch.o bssnEM_class.o cpbc_util.o z4c_rhs_point.o checkpoint.o Parallel_bam.o scalar_class.o transpbh.o NullShellPatch2.o NullShellPatch2_Evo.o writefile_f.o enforce_algebra.o fmisc.o initial_puncture.o prolongrestrict.o prolongrestrict_cell.o prolongrestrict_vertex.o rungekutta4_rout.o bssn_rhs.o diff_new.o kodiss.o kodiss_sh.o lopsidediff.o sommerfeld_rout.o getnp4.o diff_new_sh.o shellfunctions.o bssn_rhs_ss.o Set_Rho_ADM.o getnp4EScalar.o bssnEScalar_rhs.o bssn_constraint.o ricci_gamma.o fadmquantites_bssn.o Z4c_rhs.o Z4c_rhs_ss.o point_diff_new_sh.o cpbc.o getnp4old.o NullEvol.o initial_null.o initial_maxwell.o getnpem2.o empart.o NullNews.o fourdcurvature.o bssn2adm.o adm_constraint.o adm_ricci_gamma.o scalar_rhs.o initial_scalar.o NullEvol2.o initial_null2.o NullNews2.o tool_f.o zbesh.o expansion.o expansion_Jacobian.o patch.o coords.o patch_info.o patch_interp.o patch_system.o tgrid.o fd_grid.o ghost_zone.o array.o round.o norm.o fuzzy.o error_exit.o miscfp.o linear_map.o cpm_map.o BH_diagnostics.o setup.o horizon_sequence.o find_horizons.o initial_guess.o Newton.o Jacobian.o ilucg.o IntPnts0.o IntPnts.o -L/usr/lib/x86_64-linux-gnu -L/usr/lib64 -L/usr/lib/gcc/x86_64-linux-gnu/11 -lgfortran -lmpi

 Compilation of the AMSS-NCKU executable file ABE is finished 


 Compiling the AMSS-NCKU executable file TwoPunctureABE 

mpicxx -O3 -Wno-deprecated -Dfortran3 -Dnewc -std=c++14 -c TwoPunctureABE.C -I/usr/include/ -I/usr/lib/x86_64-linux-gnu/openmpi/include/ -I/usr/lib/x86_64-linux-gnu/openmpi/lib/ -I/usr/lib/gcc/x86_64-linux-gnu/11/ -I/usr/include/c++/11/ -o TwoPunctureABE.o
TwoPunctureABE.C: In function ‘int main(int, char**)’:
TwoPunctureABE.C:215:13: warning: ISO C++ forbids converting a string constant to ‘char*’ [-Wwrite-strings]
  215 |   ADM->Save("Ansorg.psid");
      |             ^~~~~~~~~~~~~
mpicxx -O3 -Wno-deprecated -Dfortran3 -Dnewc -std=c++14 -c TwoPunctures.C -I/usr/include/ -I/usr/lib/x86_64-linux-gnu/openmpi/include/ -I/usr/lib/x86_64-linux-gnu/openmpi/lib/ -I/usr/lib/gcc/x86_64-linux-gnu/11/ -I/usr/include/c++/11/ -o TwoPunctures.o
mpicxx -O3 -Wno-deprecated -Dfortran3 -Dnewc -std=c++14 -o TwoPunctureABE TwoPunctureABE.o TwoPunctures.o  -L/usr/lib/x86_64-linux-gnu -L/usr/lib64 -L/usr/lib/gcc/x86_64-linux-gnu/11 -lgfortran -lmpi

 Compilation of the AMSS-NCKU executable file TwoPunctureABE is finished 



 Initial data is chosen as Ansorg-TwoPuncture


 Automatically generating the input parfile for the TwoPunctureABE executable 


 The input parfile for the TwoPunctureABE executable has been generated. 




 Running the AMSS-NCKU executable file TwoPunctureABE 

///////////////////////////////////////////////////////////////
     mp     = -1
     mm     = -1
     b      = 5
  P_plusx   = -0.000845415
  P_plusy   = 0.0953015
  P_plusz   = 0
  P_minusx  = 0.000845415
  P_minusy  = -0.0953015
  P_minusz  = 0
  S_plusx   = 0
  S_plusy   = -0
  S_plusz   = 0.0950911
  S_minusx  = 0
  S_minusy  = -0
  S_minusz  = -0.0915645
     Mp     = 0.553846
     Mm     = 0.446154
   admtol   = 1e-08
 Newtontol  = 5e-12
    nA      = 50
    nB      = 50
   nphi     = 26
Newtonmaxit = 50
///////////////////////////////////////////////////////////////
Attempting to find bare masses.
Target ADM masses: M_p=0.553846 and M_m=0.446154
ADM mass tolerance: 1e-08
Bare masses: mp=-1, mm=-1
Newton: it=0 	 |F|=8.116007e-02
bare mass: mp=0.553846 	 mm=0.446154
bicgstab:  itmax 100, tol 8.116007e-05
bicgstab:     0   1.366e+00
bicgstab:     1   4.256e+00   1.069e+00   0.000e+00   5.233e-01
bicgstab:     2   6.633e+00   3.158e+00   4.084e-02   6.106e-01
bicgstab:     3   3.581e+00   8.311e-01   3.694e-01   6.584e-01
bicgstab:     4   1.274e+00   9.982e-01   2.470e-01   5.270e-01
bicgstab:     5   1.339e+00   3.287e+00   2.260e-01   4.272e-01
bicgstab:     6   1.312e-01   2.004e-01  -3.652e+00   2.448e+00
bicgstab:     7   9.817e-03   1.243e+00  -9.975e-02   4.477e-01
bicgstab:     8   1.698e-03   1.272e+00   1.953e-01   9.239e-01
bicgstab:     9   7.728e-04   1.087e+00   4.785e-01   1.048e+00
bicgstab:    10   4.820e-04   1.101e+00   3.316e-01   8.663e-01
bicgstab:    11   2.111e-04   1.009e+00   3.637e-01   1.070e+00
bicgstab:    12   6.988e-05   1.333e+00   3.293e-01   4.434e-01
Newton: it=1 	 |F|=1.149742e-03 
ADM mass error: M_p_err=1.54193, M_m_err=1.46829
Bare masses: mp=0.52329, mm=0.406224
Newton: it=0 	 |F|=3.875643e-02
bare mass: mp=0.52329 	 mm=0.406224
bicgstab:  itmax 100, tol 3.875643e-05
bicgstab:     0   5.945e-01
bicgstab:     1   1.665e+00   1.056e+00   0.000e+00   5.479e-01
bicgstab:     2   2.381e+00   3.082e+00   3.689e-02   5.523e-01
bicgstab:     3   1.199e+00   8.967e-01   2.866e-01   6.091e-01
bicgstab:     4   2.743e+00  -3.782e+00   1.151e-01   4.187e-01
bicgstab:     5   3.316e-02  -1.187e-01  -4.740e+01   2.090e+00
bicgstab:     6   2.495e-02   2.193e+00  -7.808e-03   1.579e+00
bicgstab:     7   9.583e-03   8.010e-01   5.470e-01   9.374e-01
bicgstab:     8   3.277e-03   1.104e+00   1.358e-01   5.262e-01
bicgstab:     9   4.372e-04   1.227e+00   5.417e-01   5.506e-01
bicgstab:    10   2.465e-04   1.056e+00   3.276e-01   2.239e+00
bicgstab:    11   4.380e-05   1.127e+00   4.671e-01   4.438e-01
bicgstab:    12   2.680e-05   9.705e-01   2.322e-01   4.438e-01
Newton: it=1 	 |F|=1.824401e-04 
ADM mass error: M_p_err=0.00465719, M_m_err=0.0113011
Bare masses: mp=0.519168, mm=0.396261
Newton: it=0 	 |F|=1.258694e-02
bare mass: mp=0.519168 	 mm=0.396261
bicgstab:  itmax 100, tol 1.258694e-05
bicgstab:     0   1.849e-01
bicgstab:     1   5.065e-01   1.054e+00   0.000e+00   5.547e-01
bicgstab:     2   7.039e-01   3.032e+00   3.651e-02   5.426e-01
bicgstab:     3   3.561e-01   7.788e-01   3.136e-01   7.672e-01
bicgstab:     4   1.091e-01   1.113e+00   1.694e-01   4.465e-01
bicgstab:     5   8.703e-02  -2.726e-01   8.995e-02   9.502e-01
bicgstab:     6   3.147e-02  -3.174e+00  -2.006e+00   1.340e+00
bicgstab:     7   1.208e-02   8.920e-01  -6.591e-01   1.550e+00
bicgstab:     8   3.508e-03   1.069e+00   1.180e-01   4.626e-01
bicgstab:     9   5.706e-04   1.360e+00   5.533e-01   6.261e-01
bicgstab:    10   4.245e-04   1.015e+00   3.497e-01   1.970e+00
bicgstab:    11   1.068e-04   1.191e+00   4.740e-01   4.247e-01
bicgstab:    12   1.864e-05   7.743e-01   1.840e-01   2.152e+00
bicgstab:    13   5.051e-06   1.829e+00   3.480e-01   4.089e-01
Newton: it=1 	 |F|=1.741310e-05 
ADM mass error: M_p_err=0.000750389, M_m_err=0.00338687
Bare masses: mp=0.518538, mm=0.393286
Newton: it=0 	 |F|=4.045363e-03
bare mass: mp=0.518538 	 mm=0.393286
bicgstab:  itmax 100, tol 4.045363e-06
bicgstab:     0   5.824e-02
bicgstab:     1   1.585e-01   1.053e+00   0.000e+00   5.568e-01
bicgstab:     2   2.169e-01   2.959e+00   3.591e-02   5.432e-01
bicgstab:     3   1.098e-01   7.436e-01   3.340e-01   8.466e-01
bicgstab:     4   3.622e-02   1.031e+00   1.846e-01   4.676e-01
bicgstab:     5   2.254e-02   2.429e+00   2.309e-01   4.200e-01
bicgstab:     6   2.231e-03   1.933e-01  -1.588e+00   2.398e+00
bicgstab:     7   3.881e-04   1.650e+00  -1.984e-01   4.992e-01
bicgstab:     8   1.944e-04   1.367e+00   2.159e-01   1.710e+00
bicgstab:     9   6.187e-05   1.134e+00   7.193e-01   6.893e-01
bicgstab:    10   3.107e-05   9.294e-01   1.739e-01   1.124e+00
bicgstab:    11   4.900e-06   1.503e+00   4.809e-01   4.850e-01
bicgstab:    12   7.280e-07   8.138e-01   2.940e-01   4.850e-01
Newton: it=1 	 |F|=1.719848e-06 
ADM mass error: M_p_err=0.000129657, M_m_err=0.00105376
Bare masses: mp=0.518439, mm=0.392361
Newton: it=0 	 |F|=1.285940e-03
bare mass: mp=0.518439 	 mm=0.392361
bicgstab:  itmax 100, tol 1.285940e-06
bicgstab:     0   1.841e-02
bicgstab:     1   5.001e-02   1.053e+00   0.000e+00   5.574e-01
bicgstab:     2   6.823e-02   2.955e+00   3.596e-02   5.422e-01
bicgstab:     3   3.408e-02   7.181e-01   3.474e-01   9.137e-01
bicgstab:     4   1.170e-02   9.678e-01   1.850e-01   4.893e-01
bicgstab:     5   5.762e-04   1.299e+00   2.633e-01   4.016e-01
bicgstab:     6   2.685e-04   1.413e+00   6.493e-01   2.358e+00
bicgstab:     7   1.510e-04  -3.106e-01   6.044e-02   4.027e-01
bicgstab:     8   3.002e-05  -1.443e+00  -2.389e+00   4.670e+00
bicgstab:     9   1.162e-05   1.547e+00  -3.548e-01   2.086e+00
bicgstab:    10   3.032e-06   9.270e-01   2.184e-01   8.173e-01
bicgstab:    11   1.019e-06   1.571e+00   4.583e-01   8.214e-01
Newton: it=1 	 |F|=1.771536e-07 
ADM mass error: M_p_err=2.45898e-05, M_m_err=0.000331604
Bare masses: mp=0.518423, mm=0.39207
Newton: it=0 	 |F|=4.074719e-04
bare mass: mp=0.518423 	 mm=0.39207
bicgstab:  itmax 100, tol 4.074719e-07
bicgstab:     0   5.823e-03
bicgstab:     1   1.581e-02   1.053e+00   0.000e+00   5.576e-01
bicgstab:     2   2.174e-02   3.039e+00   3.538e-02   5.369e-01
bicgstab:     3   2.476e-02  -9.804e-01   1.038e-01   4.401e-01
bicgstab:     4   6.309e-04  -4.146e-01  -7.003e+00   2.314e+00
bicgstab:     5   2.147e-04   1.243e+00  -3.354e-02   4.879e-01
bicgstab:     6   7.886e-05   1.484e+00   4.860e-01   1.652e+00
bicgstab:     7   4.062e-05   8.206e-01   4.153e-01   7.689e-01
bicgstab:     8   1.893e-05   1.445e+00   2.053e-01   5.966e-01
bicgstab:     9   5.873e-06   9.958e-01   7.959e-01   2.007e+00
bicgstab:    10   2.808e-06   9.088e-01   1.306e-01   4.868e-01
bicgstab:    11   4.222e-07   1.674e+00   5.165e-01   4.904e-01
bicgstab:    12   1.598e-07   6.954e-01   2.767e-01   4.904e-01
Newton: it=1 	 |F|=3.500714e-08 
ADM mass error: M_p_err=5.26251e-06, M_m_err=0.000104717
Bare masses: mp=0.518421, mm=0.391978
Newton: it=0 	 |F|=1.289665e-04
bare mass: mp=0.518421 	 mm=0.391978
bicgstab:  itmax 100, tol 1.289665e-07
bicgstab:     0   1.842e-03
bicgstab:     1   5.000e-03   1.053e+00   0.000e+00   5.577e-01
bicgstab:     2   6.842e-03   2.993e+00   3.609e-02   5.395e-01
bicgstab:     3   3.454e-03   7.755e-01   3.077e-01   7.747e-01
bicgstab:     4   9.849e-04   1.179e+00   1.607e-01   4.358e-01
bicgstab:     5   5.338e-04   3.418e-02  -2.306e-02   1.422e+00
bicgstab:     6   2.135e-04   2.266e+01  -8.818e-01   8.255e-01
bicgstab:     7   7.569e-05   8.932e-01   5.420e+00   1.905e+00
bicgstab:     8   1.663e-05   1.194e+00   1.426e-01   4.280e-01
bicgstab:     9   3.227e-06   1.235e+00   6.670e-01   1.489e+00
bicgstab:    10   1.955e-06   9.331e-01   2.317e-01   6.080e-01
bicgstab:    11   6.813e-07   1.455e+00   4.809e-01   1.037e+00
bicgstab:    12   2.649e-07   7.273e-01   2.437e-01   6.395e-01
bicgstab:    13   1.797e-07   2.495e+00   3.543e-01   6.561e-01
bicgstab:    14   4.632e-08   9.406e-01  -1.023e+00   4.166e-01
Newton: it=1 	 |F|=8.418524e-09 
ADM mass error: M_p_err=1.27996e-06, M_m_err=3.31055e-05
Bare masses: mp=0.51842, mm=0.391949
Newton: it=0 	 |F|=4.080309e-05
bare mass: mp=0.51842 	 mm=0.391949
bicgstab:  itmax 100, tol 4.080309e-08
bicgstab:     0   5.827e-04
bicgstab:     1   1.582e-03   1.053e+00   0.000e+00   5.577e-01
bicgstab:     2   2.162e-03   2.985e+00   3.602e-02   5.399e-01
bicgstab:     3   1.093e-03   7.740e-01   3.090e-01   7.780e-01
bicgstab:     4   3.152e-04   1.171e+00   1.628e-01   4.372e-01
bicgstab:     5   1.831e-04  -6.304e-04   3.749e-04   1.334e+00
bicgstab:     6   6.975e-05  -1.219e+03  -1.002e+00   8.685e-01
bicgstab:     7   2.551e-05   9.010e-01  -2.826e+02   1.883e+00
bicgstab:     8   5.583e-06   1.236e+00   1.499e-01   4.288e-01
bicgstab:     9   1.019e-06   1.199e+00   6.903e-01   1.671e+00
bicgstab:    10   5.551e-07   9.326e-01   2.104e-01   5.627e-01
bicgstab:    11   1.500e-07   1.488e+00   4.889e-01   1.452e+00
bicgstab:    12   4.820e-08   7.353e-01   2.495e-01   5.493e-01
bicgstab:    13   4.277e-08   2.465e+00   3.736e-01   5.521e-01
bicgstab:    14   1.775e-08   8.023e-01  -1.144e+00   5.521e-01
Newton: it=1 	 |F|=2.837016e-09 
ADM mass error: M_p_err=3.45657e-07, M_m_err=1.04695e-05
Bare masses: mp=0.51842, mm=0.39194
Newton: it=0 	 |F|=1.290727e-05
bare mass: mp=0.51842 	 mm=0.39194
bicgstab:  itmax 100, tol 1.290727e-08
bicgstab:     0   1.843e-04
bicgstab:     1   5.002e-04   1.053e+00   0.000e+00   5.578e-01
bicgstab:     2   6.844e-04   2.993e+00   3.595e-02   5.394e-01
bicgstab:     3   3.448e-04   8.415e-01   2.821e-01   6.724e-01
bicgstab:     4   8.232e-04   8.056e+00   1.199e-01   4.006e-01
bicgstab:     5   4.600e-06   5.301e-02  -1.214e+02   2.119e+00
bicgstab:     6   4.930e-06   2.096e+00  -2.165e-03   1.821e+00
bicgstab:     7   1.805e-06   8.412e-01   5.835e-01   4.825e-01
bicgstab:     8   6.444e-07   1.262e+00   1.587e-01   1.838e+00
bicgstab:     9   1.810e-07   1.153e+00   7.143e-01   5.108e-01
bicgstab:    10   8.896e-08   9.236e-01   1.947e-01   1.381e+00
bicgstab:    11   1.553e-08   1.518e+00   4.917e-01   4.732e-01
bicgstab:    12   6.717e-09   7.248e-01   2.620e-01   4.732e-01
Newton: it=1 	 |F|=1.591601e-09 
ADM mass error: M_p_err=1.00231e-07, M_m_err=3.31128e-06
Bare masses: mp=0.51842, mm=0.391937
Newton: it=0 	 |F|=4.082698e-06
bare mass: mp=0.51842 	 mm=0.391937
bicgstab:  itmax 100, tol 4.082698e-09
bicgstab:     0   5.830e-05
bicgstab:     1   1.582e-04   1.053e+00   0.000e+00   5.578e-01
bicgstab:     2   2.176e-04   3.038e+00   3.614e-02   5.368e-01
bicgstab:     3   1.020e-04   1.015e+00   2.379e-01   5.334e-01
bicgstab:     4   5.906e-05   1.624e-01  -1.172e-01   1.273e+00
bicgstab:     5   8.222e-06   2.654e+00  -4.274e-01   4.700e-01
bicgstab:     6   2.635e-06   1.840e+00   8.080e-01   2.205e+00
bicgstab:     7   6.426e-07   8.086e-01   5.429e-01   5.722e-01
bicgstab:     8   2.774e-07   1.138e+00   1.331e-01   7.277e-01
bicgstab:     9   9.452e-08   1.279e+00   6.489e-01   8.029e-01
bicgstab:    10   5.290e-08   9.495e-01   2.672e-01   9.790e-01
bicgstab:    11   1.505e-08   1.382e+00   4.857e-01   5.331e-01
bicgstab:    12   5.544e-09   7.047e-01   2.070e-01   1.298e+00
bicgstab:    13   4.748e-09   2.939e+00   3.299e-01   4.019e-01
bicgstab:    14   1.573e-09   7.674e-01  -1.632e+00   4.019e-01
Newton: it=1 	 |F|=3.465615e-10 
ADM mass error: M_p_err=3.03524e-08, M_m_err=1.04733e-06
Bare masses: mp=0.51842, mm=0.391936
Newton: it=0 	 |F|=1.291367e-06
bare mass: mp=0.51842 	 mm=0.391936
bicgstab:  itmax 100, tol 1.291367e-09
bicgstab:     0   1.844e-05
bicgstab:     1   5.004e-05   1.053e+00   0.000e+00   5.578e-01
bicgstab:     2   6.828e-05   2.968e+00   3.596e-02   5.409e-01
bicgstab:     3   3.434e-05   7.400e-01   3.287e-01   8.535e-01
bicgstab:     4   1.156e-05   1.010e+00   1.767e-01   4.716e-01
bicgstab:     5   6.784e-06   2.444e+00   2.177e-01   4.152e-01
bicgstab:     6   5.374e-07   1.911e-01  -1.594e+00   2.415e+00
bicgstab:     7   1.630e-07   1.687e+00  -2.051e-01   9.432e-01
bicgstab:     8   8.401e-08   1.295e+00   2.005e-01   6.234e-01
bicgstab:     9   2.445e-08   1.209e+00   6.981e-01   1.361e+00
bicgstab:    10   1.198e-08   9.285e-01   1.983e-01   6.050e-01
bicgstab:    11   2.067e-09   1.530e+00   4.874e-01   1.047e+00
bicgstab:    12   7.127e-10   7.348e-01   2.592e-01   1.047e+00
Newton: it=1 	 |F|=1.622827e-10 
ADM mass error: M_p_err=9.37878e-09, M_m_err=3.31264e-07
Bare masses: mp=0.51842, mm=0.391936
Newton: it=0 	 |F|=4.084550e-07
bare mass: mp=0.51842 	 mm=0.391936
bicgstab:  itmax 100, tol 4.084550e-10
bicgstab:     0   5.833e-06
bicgstab:     1   1.583e-05   1.052e+00   0.000e+00   5.577e-01
bicgstab:     2   2.138e-05   2.879e+00   3.559e-02   5.464e-01
bicgstab:     3   1.015e-05   6.564e-01   4.130e-01   1.154e+00
bicgstab:     4   3.331e-06   9.474e-01   1.837e-01   5.076e-01
bicgstab:     5   5.164e-07   1.063e+00   2.936e-01   4.814e-01
bicgstab:     6   3.465e-07   1.297e+00   5.450e-01   2.263e+00
bicgstab:     7   7.043e-08   7.850e-01   3.749e-01   4.143e-01
bicgstab:     8   1.744e-08   1.410e+00   2.176e-01   2.564e+00
bicgstab:     9   5.100e-09   9.815e-01   7.991e-01   5.147e-01
bicgstab:    10   2.469e-09   8.904e-01   1.338e-01   1.742e+00
bicgstab:    11   3.936e-10   1.698e+00   5.011e-01   4.940e-01
Newton: it=1 	 |F|=6.386867e-11 
ADM mass error: M_p_err=2.9351e-09, M_m_err=1.04775e-07
Bare masses: mp=0.51842, mm=0.391936
Newton: it=0 	 |F|=1.291903e-07
bare mass: mp=0.51842 	 mm=0.391936
bicgstab:  itmax 100, tol 1.291903e-10
bicgstab:     0   1.845e-06
bicgstab:     1   5.006e-06   1.052e+00   0.000e+00   5.577e-01
bicgstab:     2   6.771e-06   2.887e+00   3.625e-02   5.460e-01
bicgstab:     3   2.722e-06   5.982e-01   5.112e-01   1.503e+00
bicgstab:     4   7.687e-07   9.165e-01   1.509e-01   5.178e-01
bicgstab:     5   1.368e-07   1.068e+00   2.498e-01   5.353e-01
bicgstab:     6   9.666e-08   1.517e+00   5.636e-01   2.127e+00
bicgstab:     7   2.477e-08   7.797e-01   4.710e-01   5.141e-01
bicgstab:     8   9.965e-09   1.123e+00   1.442e-01   9.175e-01
bicgstab:     9   2.778e-09   1.255e+00   6.465e-01   6.316e-01
bicgstab:    10   1.556e-09   9.299e-01   2.602e-01   1.344e+00
bicgstab:    11   4.518e-10   1.419e+00   4.668e-01   4.519e-01
bicgstab:    12   1.453e-10   7.238e-01   2.425e-01   1.524e+00
bicgstab:    13   9.039e-11   2.419e+00   3.153e-01   4.041e-01
Newton: it=1 	 |F|=1.909587e-11 
ADM mass error: M_p_err=9.25769e-10, M_m_err=3.31399e-08
Bare masses: mp=0.51842, mm=0.391936
Newton: it=0 	 |F|=4.086246e-08
bare mass: mp=0.51842 	 mm=0.391936
bicgstab:  itmax 100, tol 4.086246e-11
bicgstab:     0   5.835e-07
bicgstab:     1   1.583e-06   1.052e+00   0.000e+00   5.577e-01
bicgstab:     2   2.147e-06   2.915e+00   3.560e-02   5.441e-01
bicgstab:     3   1.073e-06   7.069e-01   3.587e-01   9.510e-01
bicgstab:     4   3.652e-07   9.757e-01   1.886e-01   4.893e-01
bicgstab:     5   3.230e-08   1.191e+00   2.778e-01   4.157e-01
bicgstab:     6   1.399e-08   1.275e+00   6.009e-01   2.414e+00
bicgstab:     7   4.043e-09   8.892e-01   2.547e-01   4.121e-01
bicgstab:     8   6.671e-10   3.132e+00   2.545e-01   4.574e-01
bicgstab:     9   5.301e-10   2.265e-01  -3.452e+00   3.227e+00
bicgstab:    10   1.845e-10   1.071e+00  -4.711e-02   1.541e+00
bicgstab:    11   2.783e-11   1.931e+00   4.068e-01   8.625e-01
Newton: it=1 	 |F|=4.312635e-12 
ADM mass error: M_p_err=2.91208e-10, M_m_err=1.04817e-08
Bare masses: mp=0.51842, mm=0.391936
Newton: it=0 	 |F|=1.292440e-08
bare mass: mp=0.51842 	 mm=0.391936
bicgstab:  itmax 100, tol 1.292440e-11
bicgstab:     0   1.846e-07
bicgstab:     1   5.009e-07   1.053e+00   0.000e+00   5.578e-01
bicgstab:     2   6.948e-07   3.121e+00   3.590e-02   5.322e-01
bicgstab:     3   5.879e-07  -1.777e-01   4.394e-02   6.021e-01
bicgstab:     4   6.913e-08  -2.298e+00  -1.725e+00   2.098e+00
bicgstab:     5   3.648e-09   1.196e+00  -2.714e-01   4.074e-01
bicgstab:     6   1.624e-09   1.624e+00   5.161e-01   2.284e+00
bicgstab:     7   8.936e-10   7.983e-01   4.778e-01   7.320e-01
bicgstab:     8   5.152e-10   1.225e+00   1.522e-01   6.930e-01
bicgstab:     9   1.807e-10   1.165e+00   7.044e-01   1.292e+00
bicgstab:    10   8.367e-11   9.331e-01   2.133e-01   4.782e-01
bicgstab:    11   1.067e-11   1.462e+00   4.983e-01   1.084e+00
Newton: it=1 	 |F|=2.732906e-12 
ADM mass error: M_p_err=9.21034e-11, M_m_err=3.3153e-09
Found bare masses resulted Mp = 0.553846 and Mm = 0.446154
Newton: it=0 	 |F|=4.087911e-09
bare mass: mp=0.51842 	 mm=0.391936
bicgstab:  itmax 100, tol 4.087911e-12
bicgstab:     0   5.837e-08
bicgstab:     1   1.584e-07   1.053e+00   0.000e+00   5.578e-01
bicgstab:     2   2.164e-07   2.980e+00   3.600e-02   5.401e-01
bicgstab:     3   1.092e-07   7.597e-01   3.180e-01   8.077e-01
bicgstab:     4   3.374e-08   1.105e+00   1.672e-01   4.472e-01
bicgstab:     5   3.002e-08  -4.070e-01   1.040e-01   8.496e-01
bicgstab:     6   8.300e-09  -1.931e+00  -2.601e+00   1.264e+00
bicgstab:     7   3.446e-09   9.403e-01  -3.823e-01   1.632e+00
bicgstab:     8   9.132e-10   1.218e+00   1.502e-01   4.454e-01
bicgstab:     9   1.509e-10   1.216e+00   6.767e-01   1.248e+00
bicgstab:    10   1.039e-10   9.151e-01   2.161e-01   1.019e+00
bicgstab:    11   3.037e-11   1.511e+00   4.696e-01   1.229e+00
bicgstab:    12   1.148e-11   7.246e-01   2.706e-01   4.882e-01
bicgstab:    13   7.935e-12   2.460e+00   3.426e-01   4.155e-01
bicgstab:    14   2.960e-12   1.031e+00  -9.528e-01   4.155e-01
Newton: it=1 	 |F|=1.406612e-12 
The two puncture masses are mp = 0.51842 and mm = 0.391936
                   resulted Mp = 0.553846 and Mm = 0.446154
The total ADM mass is 0.989946
===============================================================
Initial data is successfully producede!!

 The TwoPunctureABE simulation is finished 


 Successfully copy all AMSS-NCKU input parfile to target dictionary. 




 Running the AMSS-NCKU executable file ABE/ABEGPU 


 /////////////////////////////////////////////////////////////// 
 AMSS-NCKU Begin !!! 
 /////////////////////////////////////////////////////////////// 

                                 new run
   simulation with cpu numbers = 8
               simulation time = (0, 5)
 simulation steps for this run = 10000000
                Courant number = 0.5
            Initial Data Type: Numerical Ansorg TwoPuncture
             Symmetry setting: Equatorial
 Courant = 0.5
 artificial dissipation for shell patches = 0.15
 artificial dissipation for fixed levels = 0.15
 artificial dissipation for moving levels = 0.15
 Dumpt Time = 100
 Check Time = 100
 Analysis Time = 0.1
 Analysis level = 0
 checkfile = bssn.chk
 fourth order finite difference is used
///////////////////////////////////////////////////////////////
-----------------------------------------------------------------------
 spherical integration for wave form extraction with Gauss method      
 N_phi   = 384
 N_theta = 192
-----------------------------------------------------------------------
 chitiny = 1e-05
 time refinement start from level #3
 checkpoint class created 
 BSSN class successfully created 
 you have setted 167 grid functions.

 cgh has levels: 9

 level #0 has boxes: 1
 #0 box is  (-320:320,-320:320,0:320).
 level #1 has boxes: 1
 #0 box is  (-160:160,-160:160,0:160).
 level #2 has boxes: 1
 #0 box is  (-80:80,-80:80,0:80).
 level #3 has boxes: 1
 #0 box is  (-40:40,-40:40,0:40).
 level #4 has boxes: 1
 #0 box is  (-20:20,-20:20,0:20).
 level #5 has boxes: 2
 #0 box is  (-5:5,-0.625:9.375,0:5).
 #1 box is  (-5:5,-10.625:-0.625,0:5).
 level #6 has boxes: 2
 #0 box is  (-2.5:2.5,1.97917:6.97917,0:2.5).
 #1 box is  (-2.5:2.5,-8.02083:-3.02083,0:2.5).
 level #7 has boxes: 2
 #0 box is  (-1.25:1.25,3.22917:5.72917,0:1.25).
 #1 box is  (-1.25:1.25,-6.77083:-4.27083,0:1.25).
 level #8 has boxes: 2
 #0 box is  (-0.625:0.625,3.82812:5.07812,0:0.625).
 #1 box is  (-0.625:0.625,-6.17188:-4.92188,0:0.625).

 moving levels are lev #5--8

 belong to level 0
 shape: [96,96,48] resolution: [6.66667,6.66667,6.66667]
 range:(-320:320,-320:320,0:320)
 belong to level 1
 shape: [96,96,48] resolution: [3.33333,3.33333,3.33333]
 range:(-160:160,-160:160,0:160)
 belong to level 2
 shape: [96,96,48] resolution: [1.66667,1.66667,1.66667]
 range:(-80:80,-80:80,0:80)
 belong to level 3
 shape: [96,96,48] resolution: [0.833333,0.833333,0.833333]
 range:(-40:40,-40:40,0:40)
 belong to level 4
 shape: [96,96,48] resolution: [0.416667,0.416667,0.416667]
 range:(-20:20,-20:20,0:20)
 belong to level 5
 shape: [48,96,24] resolution: [0.208333,0.208333,0.208333]
 range:(-5:5,-10.625:9.375,0:5)
 belong to level 6
 shape: [48,48,24] resolution: [0.104167,0.104167,0.104167]
 range:(-2.5:2.5,1.97917:6.97917,0:2.5)
 belong to level 6
 shape: [48,48,24] resolution: [0.104167,0.104167,0.104167]
 range:(-2.5:2.5,-8.02083:-3.02083,0:2.5)
 belong to level 7
 shape: [48,48,24] resolution: [0.0520833,0.0520833,0.0520833]
 range:(-1.25:1.25,3.22917:5.72917,0:1.25)
 belong to level 7
 shape: [48,48,24] resolution: [0.0520833,0.0520833,0.0520833]
 range:(-1.25:1.25,-6.77083:-4.27083,0:1.25)
 belong to level 8
 shape: [48,48,24] resolution: [0.0260417,0.0260417,0.0260417]
 range:(-0.625:0.625,3.82812:5.07812,0:0.625)
 belong to level 8
 shape: [48,48,24] resolution: [0.0260417,0.0260417,0.0260417]
 range:(-0.625:0.625,-6.17188:-4.92188,0:0.625)

 initial information of 2 Black Hole(s) 
        Mass           x           y           z              Px              Py          Pz          Sx          Sy          Sz
     0.51842           0     4.46154           0      -0.0953015    -0.000845415           0           0           0   0.0950911
    0.391936           0    -5.53846           0       0.0953015     0.000845415           0           0           0  -0.0915645

 Read initial data from Ansorg's solver, please be sure the input parameters for black holes are puncture parameters!! 

  reading data from Ansorg.psid
  found data with dimensions 50 x 50 x 26 = 65000
  bhx1 = 0
  bhy1 = 4.46154
  bhz1 = 0
  bhx2 = 0
  bhy2 = -5.53846
  bhz2 = 0
  read 65000 data lines


 Before Evolve, it takes 2.22844 seconds


 Timestep # 1: integrating to time: 0.416667    Computer used 27.1189 seconds! 
 Memory usage: current 6391/798.9/6391MB, peak 6740/842.6/6740MB

 puncture position: no. 0 = (-0.00133511 4.46153 1.35373e-09)
 puncture position: no. 1 = (0.00302945 -5.5384 7.3647e-08)

 If you think the physical evolution time is enough for this simulation, please input 'stop' in the terminal to stop the MPI processes in the next evolution step ! 

 Timestep # 2: integrating to time: 0.833333    Computer used 27.4873 seconds! 
 Memory usage: current 6389/798.6/6389MB, peak 6741/842.6/6741MB

 puncture position: no. 0 = (-0.0115113 4.46147 4.46282e-09)
 puncture position: no. 1 = (0.0206158 -5.53805 3.71512e-08)

 If you think the physical evolution time is enough for this simulation, please input 'stop' in the terminal to stop the MPI processes in the next evolution step ! 

 Timestep # 3: integrating to time: 1.25    Computer used 26.8526 seconds! 
 Memory usage: current 6462/807.7/6462MB, peak 6742/842.7/6742MB

 puncture position: no. 0 = (-0.0298429 4.46122 1.31256e-08)
 puncture position: no. 1 = (0.0486338 -5.53742 1.00583e-07)

 If you think the physical evolution time is enough for this simulation, please input 'stop' in the terminal to stop the MPI processes in the next evolution step ! 

 Timestep # 4: integrating to time: 1.66667    Computer used 25.4514 seconds! 
 Memory usage: current 6461/807.6/6461MB, peak 6767/845.9/6767MB

 puncture position: no. 0 = (-0.0532184 4.46075 2.76619e-08)
 puncture position: no. 1 = (0.0823736 -5.53632 9.03473e-07)

 If you think the physical evolution time is enough for this simulation, please input 'stop' in the terminal to stop the MPI processes in the next evolution step ! 

 Timestep # 5: integrating to time: 2.08333    Computer used 24.8201 seconds! 
 Memory usage: current 6770/846.3/6770MB, peak 6771/846.3/6771MB

 puncture position: no. 0 = (-0.0799702 4.46009 1.22963e-07)
 puncture position: no. 1 = (0.119454 -5.53452 2.93434e-06)

 If you think the physical evolution time is enough for this simulation, please input 'stop' in the terminal to stop the MPI processes in the next evolution step ! 

 Timestep # 6: integrating to time: 2.5    Computer used 24.503 seconds! 
 Memory usage: current 6460/807.5/6460MB, peak 6771/846.3/6771MB

 puncture position: no. 0 = (-0.109144 4.45927 8.81954e-08)
 puncture position: no. 1 = (0.158534 -5.53153 2.98262e-06)

 If you think the physical evolution time is enough for this simulation, please input 'stop' in the terminal to stop the MPI processes in the next evolution step ! 

 Timestep # 7: integrating to time: 2.91667    Computer used 24.6943 seconds! 
 Memory usage: current 6768/846/6768MB, peak 6771/846.4/6771MB

 puncture position: no. 0 = (-0.139959 4.45807 3.6679e-06)
 puncture position: no. 1 = (0.198702 -5.5275 5.47494e-06)

 If you think the physical evolution time is enough for this simulation, please input 'stop' in the terminal to stop the MPI processes in the next evolution step ! 

 Timestep # 8: integrating to time: 3.33333    Computer used 24.2721 seconds! 
 Memory usage: current 6769/846.1/6769MB, peak 6772/846.5/6772MB

 puncture position: no. 0 = (-0.171776 4.45562 1.04982e-05)
 puncture position: no. 1 = (0.240827 -5.52369 2.48052e-06)

 If you think the physical evolution time is enough for this simulation, please input 'stop' in the terminal to stop the MPI processes in the next evolution step ! 

 Timestep # 9: integrating to time: 3.75    Computer used 24.3496 seconds! 
 Memory usage: current 6769/846.1/6769MB, peak 6772/846.5/6772MB

 puncture position: no. 0 = (-0.204612 4.45447 2.73319e-06)
 puncture position: no. 1 = (0.283954 -5.52007 1.66963e-06)

 If you think the physical evolution time is enough for this simulation, please input 'stop' in the terminal to stop the MPI processes in the next evolution step ! 

 Timestep # 10: integrating to time: 4.16667    Computer used 24.4896 seconds! 
 Memory usage: current 6471/808.9/6471MB, peak 6772/846.5/6772MB

 puncture position: no. 0 = (-0.238329 4.45276 2.24859e-06)
 puncture position: no. 1 = (0.327899 -5.51639 1.08074e-06)

 If you think the physical evolution time is enough for this simulation, please input 'stop' in the terminal to stop the MPI processes in the next evolution step ! 

 Timestep # 11: integrating to time: 4.58333    Computer used 25.0259 seconds! 
 Memory usage: current 6773/846.6/6773MB, peak 6776/847/6776MB

 puncture position: no. 0 = (-0.272891 4.45019 1.66993e-06)
 puncture position: no. 1 = (0.37238 -5.5124 4.6887e-07)

 If you think the physical evolution time is enough for this simulation, please input 'stop' in the terminal to stop the MPI processes in the next evolution step ! 

 Timestep # 12: integrating to time: 5    Computer used 24.2297 seconds! 
 Memory usage: current 6776/847/6776MB, peak 6777/847.1/6777MB

 puncture position: no. 0 = (-0.308126 4.44696 8.84099e-07)
 puncture position: no. 1 = (0.417152 -5.50796 1.35325e-07)

 If you think the physical evolution time is enough for this simulation, please input 'stop' in the terminal to stop the MPI processes in the next evolution step ! 
mpirun: Forwarding signal 18 to job
