///////////////////////////////////////////////////////////////
     mp     = -1
     mm     = -1
     b      = 5
  P_plusx   = -0.000845415
  P_plusy   = 0.0953015
  P_plusz   = 0
  P_minusx  = 0.000845415
  P_minusy  = -0.0953015
  P_minusz  = 0
  S_plusx   = 0
  S_plusy   = -0
  S_plusz   = 0.0950911
  S_minusx  = 0
  S_minusy  = -0
  S_minusz  = -0.0915645
     Mp     = 0.553846
     Mm     = 0.446154
   admtol   = 1e-08
 Newtontol  = 5e-12
    nA      = 50
    nB      = 50
   nphi     = 26
Newtonmaxit = 50
///////////////////////////////////////////////////////////////
Attempting to find bare masses.
Target ADM masses: M_p=0.553846 and M_m=0.446154
ADM mass tolerance: 1e-08
Bare masses: mp=-1, mm=-1
Newton: it=0 	 |F|=8.116007e-02
bare mass: mp=0.553846 	 mm=0.446154
bicgstab:  itmax 100, tol 8.116007e-05
bicgstab:     0   1.366e+00
bicgstab:     1   4.256e+00   1.069e+00   0.000e+00   5.233e-01
bicgstab:     2   6.633e+00   3.158e+00   4.084e-02   6.106e-01
bicgstab:     3   3.581e+00   8.311e-01   3.694e-01   6.584e-01
bicgstab:     4   1.274e+00   9.982e-01   2.470e-01   5.270e-01
bicgstab:     5   1.339e+00   3.287e+00   2.260e-01   4.272e-01
bicgstab:     6   1.312e-01   2.004e-01  -3.652e+00   2.448e+00
bicgstab:     7   9.817e-03   1.243e+00  -9.975e-02   4.477e-01
bicgstab:     8   1.698e-03   1.272e+00   1.953e-01   9.239e-01
bicgstab:     9   7.728e-04   1.087e+00   4.785e-01   1.048e+00
bicgstab:    10   4.820e-04   1.101e+00   3.316e-01   8.663e-01
bicgstab:    11   2.111e-04   1.009e+00   3.637e-01   1.070e+00
bicgstab:    12   6.988e-05   1.333e+00   3.293e-01   4.434e-01
Newton: it=1 	 |F|=1.149742e-03 
ADM mass error: M_p_err=1.54193, M_m_err=1.46829
Bare masses: mp=0.52329, mm=0.406224
Newton: it=0 	 |F|=3.875643e-02
bare mass: mp=0.52329 	 mm=0.406224
bicgstab:  itmax 100, tol 3.875643e-05
bicgstab:     0   5.945e-01
bicgstab:     1   1.665e+00   1.056e+00   0.000e+00   5.479e-01
bicgstab:     2   2.381e+00   3.082e+00   3.689e-02   5.523e-01
bicgstab:     3   1.199e+00   8.967e-01   2.866e-01   6.091e-01
bicgstab:     4   2.743e+00  -3.782e+00   1.151e-01   4.187e-01
bicgstab:     5   3.316e-02  -1.187e-01  -4.740e+01   2.090e+00
bicgstab:     6   2.495e-02   2.193e+00  -7.808e-03   1.579e+00
bicgstab:     7   9.583e-03   8.010e-01   5.470e-01   9.374e-01
bicgstab:     8   3.277e-03   1.104e+00   1.358e-01   5.262e-01
bicgstab:     9   4.372e-04   1.227e+00   5.417e-01   5.506e-01
bicgstab:    10   2.465e-04   1.056e+00   3.276e-01   2.239e+00
bicgstab:    11   4.380e-05   1.127e+00   4.671e-01   4.438e-01
bicgstab:    12   2.680e-05   9.705e-01   2.322e-01   4.438e-01
Newton: it=1 	 |F|=1.824401e-04 
ADM mass error: M_p_err=0.00465719, M_m_err=0.0113011
Bare masses: mp=0.519168, mm=0.396261
Newton: it=0 	 |F|=1.258694e-02
bare mass: mp=0.519168 	 mm=0.396261
bicgstab:  itmax 100, tol 1.258694e-05
bicgstab:     0   1.849e-01
bicgstab:     1   5.065e-01   1.054e+00   0.000e+00   5.547e-01
bicgstab:     2   7.039e-01   3.032e+00   3.651e-02   5.426e-01
bicgstab:     3   3.561e-01   7.788e-01   3.136e-01   7.672e-01
bicgstab:     4   1.091e-01   1.113e+00   1.694e-01   4.465e-01
bicgstab:     5   8.703e-02  -2.726e-01   8.995e-02   9.502e-01
bicgstab:     6   3.147e-02  -3.174e+00  -2.006e+00   1.340e+00
bicgstab:     7   1.208e-02   8.920e-01  -6.591e-01   1.550e+00
bicgstab:     8   3.508e-03   1.069e+00   1.180e-01   4.626e-01
bicgstab:     9   5.706e-04   1.360e+00   5.533e-01   6.261e-01
bicgstab:    10   4.245e-04   1.015e+00   3.497e-01   1.970e+00
bicgstab:    11   1.068e-04   1.191e+00   4.740e-01   4.247e-01
bicgstab:    12   1.864e-05   7.743e-01   1.840e-01   2.152e+00
bicgstab:    13   5.051e-06   1.829e+00   3.480e-01   4.089e-01
Newton: it=1 	 |F|=1.741310e-05 
ADM mass error: M_p_err=0.000750389, M_m_err=0.00338687
Bare masses: mp=0.518538, mm=0.393286
Newton: it=0 	 |F|=4.045363e-03
bare mass: mp=0.518538 	 mm=0.393286
bicgstab:  itmax 100, tol 4.045363e-06
bicgstab:     0   5.824e-02
bicgstab:     1   1.585e-01   1.053e+00   0.000e+00   5.568e-01
bicgstab:     2   2.169e-01   2.959e+00   3.591e-02   5.432e-01
bicgstab:     3   1.098e-01   7.436e-01   3.340e-01   8.466e-01
bicgstab:     4   3.622e-02   1.031e+00   1.846e-01   4.676e-01
bicgstab:     5   2.254e-02   2.429e+00   2.309e-01   4.200e-01
bicgstab:     6   2.231e-03   1.933e-01  -1.588e+00   2.398e+00
bicgstab:     7   3.881e-04   1.650e+00  -1.984e-01   4.992e-01
bicgstab:     8   1.944e-04   1.367e+00   2.159e-01   1.710e+00
bicgstab:     9   6.187e-05   1.134e+00   7.193e-01   6.893e-01
bicgstab:    10   3.107e-05   9.294e-01   1.739e-01   1.124e+00
bicgstab:    11   4.900e-06   1.503e+00   4.809e-01   4.850e-01
bicgstab:    12   7.280e-07   8.138e-01   2.940e-01   4.850e-01
Newton: it=1 	 |F|=1.719848e-06 
ADM mass error: M_p_err=0.000129657, M_m_err=0.00105376
Bare masses: mp=0.518439, mm=0.392361
Newton: it=0 	 |F|=1.285940e-03
bare mass: mp=0.518439 	 mm=0.392361
bicgstab:  itmax 100, tol 1.285940e-06
bicgstab:     0   1.841e-02
bicgstab:     1   5.001e-02   1.053e+00   0.000e+00   5.574e-01
bicgstab:     2   6.823e-02   2.955e+00   3.596e-02   5.422e-01
bicgstab:     3   3.408e-02   7.182e-01   3.474e-01   9.137e-01
bicgstab:     4   1.170e-02   9.678e-01   1.850e-01   4.893e-01
bicgstab:     5   5.761e-04   1.299e+00   2.633e-01   4.016e-01
bicgstab:     6   2.686e-04   1.413e+00   6.493e-01   2.358e+00
bicgstab:     7   1.510e-04  -3.093e-01   6.030e-02   4.027e-01
bicgstab:     8   3.000e-05  -1.450e+00  -2.382e+00   4.671e+00
bicgstab:     9   1.162e-05   1.546e+00  -3.567e-01   2.086e+00
bicgstab:    10   3.033e-06   9.270e-01   2.184e-01   8.173e-01
bicgstab:    11   1.020e-06   1.571e+00   4.583e-01   8.214e-01
Newton: it=1 	 |F|=1.773271e-07 
ADM mass error: M_p_err=2.45898e-05, M_m_err=0.000331604
Bare masses: mp=0.518423, mm=0.39207
Newton: it=0 	 |F|=4.074719e-04
bare mass: mp=0.518423 	 mm=0.39207
bicgstab:  itmax 100, tol 4.074719e-07
bicgstab:     0   5.823e-03
bicgstab:     1   1.581e-02   1.053e+00   0.000e+00   5.576e-01
bicgstab:     2   2.174e-02   3.039e+00   3.538e-02   5.369e-01
bicgstab:     3   2.473e-02  -9.762e-01   1.037e-01   4.403e-01
bicgstab:     4   6.344e-04  -4.164e-01  -6.966e+00   2.314e+00
bicgstab:     5   2.147e-04   1.243e+00  -3.376e-02   4.871e-01
bicgstab:     6   7.872e-05   1.484e+00   4.859e-01   1.655e+00
bicgstab:     7   4.059e-05   8.206e-01   4.153e-01   7.691e-01
bicgstab:     8   1.892e-05   1.445e+00   2.054e-01   5.969e-01
bicgstab:     9   5.871e-06   9.957e-01   7.960e-01   2.005e+00
bicgstab:    10   2.808e-06   9.088e-01   1.306e-01   4.870e-01
bicgstab:    11   4.221e-07   1.674e+00   5.165e-01   4.901e-01
bicgstab:    12   1.596e-07   6.954e-01   2.767e-01   4.901e-01
Newton: it=1 	 |F|=3.495443e-08 
ADM mass error: M_p_err=5.26251e-06, M_m_err=0.000104717
Bare masses: mp=0.518421, mm=0.391978
Newton: it=0 	 |F|=1.289665e-04
bare mass: mp=0.518421 	 mm=0.391978
bicgstab:  itmax 100, tol 1.289665e-07
bicgstab:     0   1.842e-03
bicgstab:     1   5.000e-03   1.053e+00   0.000e+00   5.577e-01
bicgstab:     2   6.842e-03   2.993e+00   3.609e-02   5.395e-01
bicgstab:     3   3.454e-03   7.755e-01   3.077e-01   7.747e-01
bicgstab:     4   9.849e-04   1.179e+00   1.607e-01   4.358e-01
bicgstab:     5   5.340e-04   3.404e-02  -2.295e-02   1.421e+00
bicgstab:     6   2.135e-04   2.275e+01  -8.823e-01   8.257e-01
bicgstab:     7   7.572e-05   8.932e-01   5.443e+00   1.905e+00
bicgstab:     8   1.664e-05   1.194e+00   1.427e-01   4.280e-01
bicgstab:     9   3.228e-06   1.234e+00   6.671e-01   1.489e+00
bicgstab:    10   1.955e-06   9.331e-01   2.316e-01   6.079e-01
bicgstab:    11   6.811e-07   1.455e+00   4.809e-01   1.038e+00
bicgstab:    12   2.648e-07   7.274e-01   2.438e-01   6.394e-01
bicgstab:    13   1.796e-07   2.494e+00   3.543e-01   6.566e-01
bicgstab:    14   4.628e-08   9.403e-01  -1.023e+00   4.166e-01
Newton: it=1 	 |F|=8.403717e-09 
ADM mass error: M_p_err=1.27996e-06, M_m_err=3.31055e-05
Bare masses: mp=0.51842, mm=0.391949
Newton: it=0 	 |F|=4.080309e-05
bare mass: mp=0.51842 	 mm=0.391949
bicgstab:  itmax 100, tol 4.080309e-08
bicgstab:     0   5.827e-04
bicgstab:     1   1.582e-03   1.053e+00   0.000e+00   5.577e-01
bicgstab:     2   2.162e-03   2.985e+00   3.602e-02   5.399e-01
bicgstab:     3   1.093e-03   7.739e-01   3.090e-01   7.782e-01
bicgstab:     4   3.154e-04   1.170e+00   1.628e-01   4.373e-01
bicgstab:     5   1.839e-04  -2.524e-03   1.491e-03   1.329e+00
bicgstab:     6   6.995e-05  -3.045e+02  -1.009e+00   8.711e-01
bicgstab:     7   2.562e-05   9.012e-01  -7.054e+01   1.881e+00
bicgstab:     8   5.613e-06   1.236e+00   1.499e-01   4.288e-01
bicgstab:     9   1.024e-06   1.198e+00   6.904e-01   1.668e+00
bicgstab:    10   5.592e-07   9.326e-01   2.104e-01   5.643e-01
bicgstab:    11   1.517e-07   1.488e+00   4.889e-01   1.448e+00
bicgstab:    12   4.887e-08   7.353e-01   2.496e-01   5.503e-01
bicgstab:    13   4.316e-08   2.465e+00   3.736e-01   5.496e-01
bicgstab:    14   1.779e-08   8.021e-01  -1.144e+00   5.496e-01
Newton: it=1 	 |F|=2.846307e-09 
ADM mass error: M_p_err=3.45657e-07, M_m_err=1.04695e-05
Bare masses: mp=0.51842, mm=0.39194
Newton: it=0 	 |F|=1.290727e-05
bare mass: mp=0.51842 	 mm=0.39194
bicgstab:  itmax 100, tol 1.290727e-08
bicgstab:     0   1.843e-04
bicgstab:     1   5.002e-04   1.053e+00   0.000e+00   5.578e-01
bicgstab:     2   6.844e-04   2.993e+00   3.595e-02   5.394e-01
bicgstab:     3   3.448e-04   8.422e-01   2.818e-01   6.715e-01
bicgstab:     4   9.539e-04   9.024e+00   1.193e-01   4.008e-01
bicgstab:     5   4.519e-06   4.741e-02  -1.560e+02   2.120e+00
bicgstab:     6   4.778e-06   2.091e+00  -1.697e-03   1.864e+00
bicgstab:     7   1.696e-06   8.410e-01   5.826e-01   4.545e-01
bicgstab:     8   5.073e-07   1.262e+00   1.586e-01   2.362e+00
bicgstab:     9   1.485e-07   1.153e+00   7.141e-01   4.980e-01
bicgstab:    10   7.001e-08   9.238e-01   1.950e-01   1.392e+00
bicgstab:    11   9.833e-09   1.517e+00   4.917e-01   4.531e-01
Newton: it=1 	 |F|=1.993735e-09 
ADM mass error: M_p_err=1.00191e-07, M_m_err=3.31129e-06
Bare masses: mp=0.51842, mm=0.391937
Newton: it=0 	 |F|=4.082728e-06
bare mass: mp=0.51842 	 mm=0.391937
bicgstab:  itmax 100, tol 4.082728e-09
bicgstab:     0   5.830e-05
bicgstab:     1   1.582e-04   1.053e+00   0.000e+00   5.578e-01
bicgstab:     2   2.151e-04   2.935e+00   3.610e-02   5.429e-01
bicgstab:     3   1.004e-04   6.526e-01   4.070e-01   1.162e+00
bicgstab:     4   3.343e-05   9.030e-01   1.768e-01   5.278e-01
bicgstab:     5   5.776e-06   1.070e+00   2.653e-01   4.867e-01
bicgstab:     6   3.863e-06   1.418e+00   5.931e-01   2.212e+00
bicgstab:     7   7.459e-07   7.697e-01   4.297e-01   4.301e-01
bicgstab:     8   2.412e-07   1.200e+00   1.621e-01   1.714e+00
bicgstab:     9   7.080e-08   1.155e+00   7.003e-01   5.346e-01
bicgstab:    10   3.477e-08   9.198e-01   2.154e-01   1.383e+00
bicgstab:    11   6.897e-09   1.474e+00   4.801e-01   5.094e-01
bicgstab:    12   3.501e-09   7.323e-01   2.632e-01   5.094e-01
Newton: it=1 	 |F|=8.274219e-10 
ADM mass error: M_p_err=3.03757e-08, M_m_err=1.04732e-06
Bare masses: mp=0.51842, mm=0.391936
Newton: it=0 	 |F|=1.291354e-06
bare mass: mp=0.51842 	 mm=0.391936
bicgstab:  itmax 100, tol 1.291354e-09
bicgstab:     0   1.844e-05
bicgstab:     1   5.005e-05   1.053e+00   0.000e+00   5.578e-01
bicgstab:     2   6.916e-05   3.082e+00   3.636e-02   5.343e-01
bicgstab:     3   2.373e-05   1.433e+00   1.954e-01   4.364e-01
bicgstab:     4   2.923e-06   2.214e-01  -1.379e+00   2.254e+00
bicgstab:     5   6.192e-07   1.428e+00  -6.223e-02   4.464e-01
bicgstab:     6   2.000e-07   1.868e+00   5.586e-01   1.638e+00
bicgstab:     7   9.407e-08   7.829e-01   5.716e-01   9.375e-01
bicgstab:     8   5.618e-08   9.415e-01   9.416e-02   8.687e-01
bicgstab:     9   1.917e-08   1.659e+00   5.093e-01   5.273e-01
bicgstab:    10   5.970e-09   9.990e-01   5.452e-01   9.769e-01
bicgstab:    11   2.612e-09   1.092e+00   4.391e-01   6.218e-01
bicgstab:    12   1.488e-09   2.885e-01   4.949e-02   2.116e+00
bicgstab:    13   1.176e-09   2.465e+00  -3.519e-01   2.116e+00
Newton: it=1 	 |F|=1.659008e-10 
ADM mass error: M_p_err=9.3982e-09, M_m_err=3.31267e-07
Bare masses: mp=0.51842, mm=0.391936
Newton: it=0 	 |F|=4.084555e-07
bare mass: mp=0.51842 	 mm=0.391936
bicgstab:  itmax 100, tol 4.084555e-10
bicgstab:     0   5.833e-06
bicgstab:     1   1.583e-05   1.052e+00   0.000e+00   5.577e-01
bicgstab:     2   2.130e-05   2.841e+00   3.610e-02   5.489e-01
bicgstab:     3   8.260e-06   5.904e-01   5.459e-01   1.583e+00
bicgstab:     4   2.217e-06   9.427e-01   1.454e-01   5.012e-01
bicgstab:     5   3.772e-07   1.063e+00   2.633e-01   5.513e-01
bicgstab:     6   2.795e-07   1.457e+00   5.300e-01   2.096e+00
bicgstab:     7   8.287e-08   7.910e-01   4.405e-01   5.127e-01
bicgstab:     8   3.213e-08   1.272e+00   1.719e-01   7.237e-01
bicgstab:     9   9.380e-09   1.115e+00   7.312e-01   7.110e-01
bicgstab:    10   5.846e-09   9.176e-01   1.837e-01   9.308e-01
bicgstab:    11   1.740e-09   1.545e+00   4.910e-01   4.810e-01
bicgstab:    12   6.175e-10   7.277e-01   2.698e-01   1.211e+00
bicgstab:    13   5.364e-10   2.541e+00   3.715e-01   4.143e-01
bicgstab:    14   1.589e-10   7.161e-01  -1.383e+00   4.143e-01
Newton: it=1 	 |F|=3.680854e-11 
ADM mass error: M_p_err=2.93542e-09, M_m_err=1.04777e-07
Bare masses: mp=0.51842, mm=0.391936
Newton: it=0 	 |F|=1.291929e-07
bare mass: mp=0.51842 	 mm=0.391936
bicgstab:  itmax 100, tol 1.291929e-10
bicgstab:     0   1.845e-06
bicgstab:     1   5.006e-06   1.053e+00   0.000e+00   5.578e-01
bicgstab:     2   6.836e-06   2.975e+00   3.592e-02   5.404e-01
bicgstab:     3   3.463e-06   7.744e-01   3.100e-01   7.780e-01
bicgstab:     4   9.856e-07   1.183e+00   1.646e-01   4.360e-01
bicgstab:     5   5.609e-07   9.655e-03  -5.990e-03   1.366e+00
bicgstab:     6   2.091e-07   7.773e+01  -9.663e-01   8.430e-01
bicgstab:     7   7.741e-08   9.036e-01   1.784e+01   1.891e+00
bicgstab:     8   1.662e-08   1.281e+00   1.591e-01   4.268e-01
bicgstab:     9   3.013e-09   1.158e+00   7.155e-01   1.805e+00
bicgstab:    10   1.508e-09   9.245e-01   1.895e-01   5.088e-01
bicgstab:    11   3.601e-10   1.536e+00   4.917e-01   1.488e+00
bicgstab:    12   1.107e-10   7.313e-01   2.628e-01   5.297e-01
Newton: it=1 	 |F|=2.746584e-11 
ADM mass error: M_p_err=9.22768e-10, M_m_err=3.31399e-08
Bare masses: mp=0.51842, mm=0.391936
Newton: it=0 	 |F|=4.086265e-08
bare mass: mp=0.51842 	 mm=0.391936
bicgstab:  itmax 100, tol 4.086265e-11
bicgstab:     0   5.835e-07
bicgstab:     1   1.584e-06   1.053e+00   0.000e+00   5.578e-01
bicgstab:     2   2.189e-06   3.086e+00   3.633e-02   5.341e-01
bicgstab:     3   5.944e-07   1.658e+00   1.853e-01   4.203e-01
bicgstab:     4   4.136e-08   2.007e-01  -2.434e+00   2.266e+00
bicgstab:     5   2.019e-08   1.374e+00  -3.800e-02   5.695e-01
bicgstab:     6   7.875e-09   1.848e+00   5.509e-01   1.392e+00
bicgstab:     7   3.191e-09   7.829e-01   5.655e-01   9.097e-01
bicgstab:     8   1.884e-09   9.505e-01   9.632e-02   8.072e-01
bicgstab:     9   6.548e-10   1.630e+00   5.169e-01   6.916e-01
bicgstab:    10   2.172e-10   9.980e-01   5.196e-01   7.378e-01
bicgstab:    11   7.989e-11   1.113e+00   4.444e-01   6.134e-01
bicgstab:    12   4.140e-11   3.424e-01   5.999e-02   2.464e+00
bicgstab:    13   1.989e-11   1.790e+00  -2.480e-01   4.108e-01
Newton: it=1 	 |F|=5.125218e-12 
ADM mass error: M_p_err=2.91523e-10, M_m_err=1.04821e-08
Bare masses: mp=0.51842, mm=0.391936
Newton: it=0 	 |F|=1.292482e-08
bare mass: mp=0.51842 	 mm=0.391936
bicgstab:  itmax 100, tol 1.292482e-11
bicgstab:     0   1.846e-07
bicgstab:     1   5.008e-07   1.053e+00   0.000e+00   5.578e-01
bicgstab:     2   6.818e-07   2.948e+00   3.586e-02   5.420e-01
bicgstab:     3   3.408e-07   7.182e-01   3.451e-01   9.133e-01
bicgstab:     4   1.174e-07   9.677e-01   1.833e-01   4.891e-01
bicgstab:     5   5.928e-09   1.294e+00   2.591e-01   4.036e-01
bicgstab:     6   1.898e-09   1.421e+00   6.317e-01   2.365e+00
bicgstab:     7   1.505e-09  -1.045e-01   2.917e-02   4.200e-01
bicgstab:     8   3.380e-10  -4.460e+00  -1.413e+00   4.290e+00
bicgstab:     9   1.113e-10   1.494e+00  -1.321e+00   2.097e+00
bicgstab:    10   3.426e-11   9.276e-01   2.033e-01   6.937e-01
bicgstab:    11   9.465e-12   1.613e+00   4.738e-01   6.937e-01
Newton: it=1 	 |F|=2.435234e-12 
ADM mass error: M_p_err=9.19661e-11, M_m_err=3.31543e-09
Found bare masses resulted Mp = 0.553846 and Mm = 0.446154
Newton: it=0 	 |F|=4.087903e-09
bare mass: mp=0.51842 	 mm=0.391936
bicgstab:  itmax 100, tol 4.087903e-12
bicgstab:     0   5.837e-08
bicgstab:     1   1.584e-07   1.052e+00   0.000e+00   5.577e-01
bicgstab:     2   2.163e-07   2.977e+00   3.534e-02   5.403e-01
bicgstab:     3   9.094e-08   1.231e+00   2.192e-01   4.681e-01
bicgstab:     4   2.882e-08   2.219e-01  -5.588e-01   2.101e+00
bicgstab:     5   1.176e-09   1.748e+00  -1.657e-01   4.040e-01
bicgstab:     6   5.632e-10   1.549e+00   5.615e-01   2.271e+00
bicgstab:     7   3.434e-10   8.311e-01   4.327e-01   1.562e+00
bicgstab:     8   1.460e-10   1.428e+00   2.043e-01   5.898e-01
bicgstab:     9   4.936e-11   1.016e+00   7.961e-01   1.117e+00
bicgstab:    10   2.639e-11   8.888e-01   1.341e-01   9.624e-01
bicgstab:    11   3.509e-12   1.707e+00   4.901e-01   3.760e-01
Newton: it=1 	 |F|=1.253748e-12 
The two puncture masses are mp = 0.51842 and mm = 0.391936
                   resulted Mp = 0.553846 and Mm = 0.446154
The total ADM mass is 0.989946
===============================================================
Initial data is successfully producede!!
